#! /c/Source/iverilog-install/bin/vvp
:ivl_version "12.0 (devel)" "(s20150603-1539-g2693dd32b)";
:ivl_delay_selection "TYPICAL";
:vpi_time_precision + 0;
:vpi_module "C:\iverilog\lib\ivl\system.vpi";
:vpi_module "C:\iverilog\lib\ivl\vhdl_sys.vpi";
:vpi_module "C:\iverilog\lib\ivl\vhdl_textio.vpi";
:vpi_module "C:\iverilog\lib\ivl\v2005_math.vpi";
:vpi_module "C:\iverilog\lib\ivl\va_math.vpi";
S_0000020879352620 .scope module, "EXDM" "EXDM" 2 1;
 .timescale 0 0;
    .port_info 0 /INPUT 1 "clk";
    .port_info 1 /INPUT 32 "instructionEX";
    .port_info 2 /INPUT 32 "ALUres";
    .port_info 3 /INPUT 1 "EXMemRead";
    .port_info 4 /INPUT 1 "EXMemToReg";
    .port_info 5 /INPUT 1 "EXMemWrite";
    .port_info 6 /INPUT 1 "EXRegWrite";
    .port_info 7 /INPUT 5 "EXwriteReg";
    .port_info 8 /INPUT 32 "EXRead2";
    .port_info 9 /OUTPUT 32 "instructionDM";
    .port_info 10 /OUTPUT 32 "ALUresDM";
    .port_info 11 /OUTPUT 1 "DMMemRead";
    .port_info 12 /OUTPUT 1 "DMMemToReg";
    .port_info 13 /OUTPUT 1 "DMMemWrite";
    .port_info 14 /OUTPUT 1 "DMRegWrite";
    .port_info 15 /OUTPUT 5 "DMwriteReg";
    .port_info 16 /OUTPUT 32 "DMRead2";
o0000020879386fb8 .functor BUFZ 32, C4<zzzzzzzzzzzzzzzzzzzzzzzzzzzzzzzz>; HiZ drive
v00000208793527b0_0 .net "ALUres", 31 0, o0000020879386fb8;  0 drivers
v0000020879352850_0 .var "ALUresDM", 31 0;
v00000208793528f0_0 .var "DMMemRead", 0 0;
v00000208793d1c30_0 .var "DMMemToReg", 0 0;
v00000208793d1cd0_0 .var "DMMemWrite", 0 0;
v00000208793d1d70_0 .var "DMRead2", 31 0;
v00000208793d1e10_0 .var "DMRegWrite", 0 0;
v00000208793d1eb0_0 .var "DMwriteReg", 4 0;
o0000020879387138 .functor BUFZ 1, C4<z>; HiZ drive
v00000208793d1f50_0 .net "EXMemRead", 0 0, o0000020879387138;  0 drivers
o0000020879387168 .functor BUFZ 1, C4<z>; HiZ drive
v00000208793d2080_0 .net "EXMemToReg", 0 0, o0000020879387168;  0 drivers
o0000020879387198 .functor BUFZ 1, C4<z>; HiZ drive
v00000208793d2120_0 .net "EXMemWrite", 0 0, o0000020879387198;  0 drivers
o00000208793871c8 .functor BUFZ 32, C4<zzzzzzzzzzzzzzzzzzzzzzzzzzzzzzzz>; HiZ drive
v00000208793d21c0_0 .net "EXRead2", 31 0, o00000208793871c8;  0 drivers
o00000208793871f8 .functor BUFZ 1, C4<z>; HiZ drive
v00000208793d2260_0 .net "EXRegWrite", 0 0, o00000208793871f8;  0 drivers
o0000020879387228 .functor BUFZ 5, C4<zzzzz>; HiZ drive
v00000208793d2300_0 .net "EXwriteReg", 4 0, o0000020879387228;  0 drivers
o0000020879387258 .functor BUFZ 1, C4<z>; HiZ drive
v00000208793d23a0_0 .net "clk", 0 0, o0000020879387258;  0 drivers
v00000208793d2440_0 .var "instructionDM", 31 0;
o00000208793872b8 .functor BUFZ 32, C4<zzzzzzzzzzzzzzzzzzzzzzzzzzzzzzzz>; HiZ drive
v00000208793840d0_0 .net "instructionEX", 31 0, o00000208793872b8;  0 drivers
E_0000020879339d40 .event posedge, v00000208793d23a0_0;
    .scope S_0000020879352620;
T_0 ;
    %pushi/vec4 0, 0, 32;
    %store/vec4 v00000208793d2440_0, 0, 32;
    %end;
    .thread T_0;
    .scope S_0000020879352620;
T_1 ;
    %wait E_0000020879339d40;
    %load/vec4 v00000208793d1f50_0;
    %assign/vec4 v00000208793528f0_0, 0;
    %load/vec4 v00000208793d2080_0;
    %assign/vec4 v00000208793d1c30_0, 0;
    %load/vec4 v00000208793d2120_0;
    %assign/vec4 v00000208793d1cd0_0, 0;
    %load/vec4 v00000208793d2260_0;
    %assign/vec4 v00000208793d1e10_0, 0;
    %load/vec4 v00000208793840d0_0;
    %assign/vec4 v00000208793d2440_0, 0;
    %load/vec4 v00000208793527b0_0;
    %assign/vec4 v0000020879352850_0, 0;
    %load/vec4 v00000208793d21c0_0;
    %assign/vec4 v00000208793d1d70_0, 0;
    %load/vec4 v00000208793d2300_0;
    %assign/vec4 v00000208793d1eb0_0, 0;
    %jmp T_1;
    .thread T_1;
# The file index is used to find the file name in the following table.
:file_names 3;
    "N/A";
    "<interactive>";
    "EXDM.v";
