#! /c/Source/iverilog-install/bin/vvp
:ivl_version "12.0 (devel)" "(s20150603-1539-g2693dd32b)";
:ivl_delay_selection "TYPICAL";
:vpi_time_precision + 0;
:vpi_module "C:\iverilog\lib\ivl\system.vpi";
:vpi_module "C:\iverilog\lib\ivl\vhdl_sys.vpi";
:vpi_module "C:\iverilog\lib\ivl\vhdl_textio.vpi";
:vpi_module "C:\iverilog\lib\ivl\v2005_math.vpi";
:vpi_module "C:\iverilog\lib\ivl\va_math.vpi";
S_000002cfe80e2510 .scope module, "ID" "ID" 2 1;
 .timescale 0 0;
    .port_info 0 /INPUT 1 "clk";
    .port_info 1 /INPUT 32 "nextPCID";
    .port_info 2 /INPUT 32 "instructionIDstall";
    .port_info 3 /INPUT 5 "WBwriteReg";
    .port_info 4 /INPUT 32 "WBwriteData";
    .port_info 5 /INPUT 1 "WBRegWrite";
    .port_info 6 /OUTPUT 32 "rd1";
    .port_info 7 /OUTPUT 32 "rd2";
    .port_info 8 /OUTPUT 32 "signEx";
    .port_info 9 /OUTPUT 1 "RegDest";
    .port_info 10 /OUTPUT 1 "MemRead";
    .port_info 11 /OUTPUT 1 "MemToReg";
    .port_info 12 /OUTPUT 1 "MemWrite";
    .port_info 13 /OUTPUT 1 "RegWrite";
    .port_info 14 /OUTPUT 5 "writeReg";
    .port_info 15 /OUTPUT 4 "AluCtrl";
    .port_info 16 /OUTPUT 32 "IDPC";
    .port_info 17 /OUTPUT 1 "IDpcSrc";
v000002cfe80cbcf0_0 .var "AluCtrl", 3 0;
v000002cfe80e27d0_0 .var "AluSrc", 0 0;
v000002cfe80e2870_0 .var "BranchAddr", 31 0;
v000002cfe80e2910_0 .var "IDPC", 31 0;
v000002cfe81135d0_0 .var "IDpcSrc", 0 0;
v000002cfe8113670_0 .var "Jump", 0 0;
v000002cfe8113710_0 .var "JumpAddr", 31 0;
v000002cfe81137b0_0 .var "MemRead", 0 0;
v000002cfe8113850_0 .var "MemToReg", 0 0;
v000002cfe81138f0_0 .var "MemWrite", 0 0;
v000002cfe8113990_0 .var "RegDest", 0 0;
v000002cfe8113a30_0 .var "RegWrite", 0 0;
v000002cfe8113ad0 .array "Registers", 0 31, 31 0;
o000002cfe8131218 .functor BUFZ 1, C4<z>; HiZ drive
v000002cfe8113b70_0 .net "WBRegWrite", 0 0, o000002cfe8131218;  0 drivers
o000002cfe8131248 .functor BUFZ 32, C4<zzzzzzzzzzzzzzzzzzzzzzzzzzzzzzzz>; HiZ drive
v000002cfe8185950_0 .net "WBwriteData", 31 0, o000002cfe8131248;  0 drivers
o000002cfe8131278 .functor BUFZ 5, C4<zzzzz>; HiZ drive
v000002cfe8185a90_0 .net "WBwriteReg", 4 0, o000002cfe8131278;  0 drivers
o000002cfe81312a8 .functor BUFZ 1, C4<z>; HiZ drive
v000002cfe8185b30_0 .net "clk", 0 0, o000002cfe81312a8;  0 drivers
v000002cfe8185bd0_0 .var/i "i", 31 0;
o000002cfe8131308 .functor BUFZ 32, C4<zzzzzzzzzzzzzzzzzzzzzzzzzzzzzzzz>; HiZ drive
v000002cfe8185450_0 .net "instructionIDstall", 31 0, o000002cfe8131308;  0 drivers
v000002cfe8185c70_0 .var "isBranch", 0 0;
v000002cfe8185ef0_0 .var "isbeq", 0 0;
v000002cfe8185d10_0 .var "isbne", 0 0;
o000002cfe81313c8 .functor BUFZ 32, C4<zzzzzzzzzzzzzzzzzzzzzzzzzzzzzzzz>; HiZ drive
v000002cfe8185e50_0 .net "nextPCID", 31 0, o000002cfe81313c8;  0 drivers
v000002cfe81854f0_0 .var "rd1", 31 0;
v000002cfe8185db0_0 .var "rd2", 31 0;
v000002cfe8185310_0 .var "signEx", 31 0;
v000002cfe81859f0_0 .var "signExt", 31 0;
v000002cfe8185130_0 .var "writeReg", 4 0;
E_000002cfe810ae20 .event negedge, v000002cfe8185b30_0;
E_000002cfe810afa0 .event posedge, v000002cfe8185b30_0;
    .scope S_000002cfe80e2510;
T_0 ;
    %pushi/vec4 0, 0, 1;
    %store/vec4 v000002cfe8113670_0, 0, 1;
    %pushi/vec4 0, 0, 32;
    %store/vec4 v000002cfe8113710_0, 0, 32;
    %pushi/vec4 0, 0, 32;
    %store/vec4 v000002cfe80e2870_0, 0, 32;
    %pushi/vec4 0, 0, 32;
    %store/vec4 v000002cfe81859f0_0, 0, 32;
    %pushi/vec4 0, 0, 32;
    %store/vec4 v000002cfe8185bd0_0, 0, 32;
T_0.0 ;
    %load/vec4 v000002cfe8185bd0_0;
    %cmpi/s 32, 0, 32;
    %jmp/0xz T_0.1, 5;
    %load/vec4 v000002cfe8185bd0_0;
    %ix/getv/s 3, v000002cfe8185bd0_0;
    %ix/load 4, 0, 0; Constant delay
    %assign/vec4/a/d v000002cfe8113ad0, 0, 4;
    %load/vec4 v000002cfe8185bd0_0;
    %addi 1, 0, 32;
    %store/vec4 v000002cfe8185bd0_0, 0, 32;
    %jmp T_0.0;
T_0.1 ;
    %end;
    .thread T_0;
    .scope S_000002cfe80e2510;
T_1 ;
    %wait E_000002cfe810afa0;
    %pushi/vec4 0, 0, 1;
    %store/vec4 v000002cfe8113670_0, 0, 1;
    %pushi/vec4 0, 0, 1;
    %store/vec4 v000002cfe8185c70_0, 0, 1;
    %pushi/vec4 0, 0, 1;
    %store/vec4 v000002cfe81135d0_0, 0, 1;
    %load/vec4 v000002cfe8185450_0;
    %cmpi/e 0, 0, 32;
    %jmp/0xz  T_1.0, 4;
    %pushi/vec4 0, 0, 4;
    %assign/vec4 v000002cfe80cbcf0_0, 0;
    %pushi/vec4 0, 0, 1;
    %assign/vec4 v000002cfe8113990_0, 0;
    %pushi/vec4 0, 0, 1;
    %assign/vec4 v000002cfe8113a30_0, 0;
    %pushi/vec4 0, 0, 1;
    %assign/vec4 v000002cfe80e27d0_0, 0;
    %pushi/vec4 0, 0, 1;
    %assign/vec4 v000002cfe81137b0_0, 0;
    %pushi/vec4 0, 0, 1;
    %assign/vec4 v000002cfe81138f0_0, 0;
    %pushi/vec4 0, 0, 1;
    %assign/vec4 v000002cfe8113850_0, 0;
    %pushi/vec4 0, 0, 1;
    %assign/vec4 v000002cfe8185ef0_0, 0;
    %pushi/vec4 0, 0, 1;
    %assign/vec4 v000002cfe8185d10_0, 0;
    %pushi/vec4 0, 0, 1;
    %assign/vec4 v000002cfe8113670_0, 0;
    %jmp T_1.1;
T_1.0 ;
    %load/vec4 v000002cfe8185450_0;
    %parti/s 6, 26, 6;
    %dup/vec4;
    %pushi/vec4 0, 0, 6;
    %cmp/u;
    %jmp/1 T_1.2, 6;
    %dup/vec4;
    %pushi/vec4 35, 0, 6;
    %cmp/u;
    %jmp/1 T_1.3, 6;
    %dup/vec4;
    %pushi/vec4 43, 0, 6;
    %cmp/u;
    %jmp/1 T_1.4, 6;
    %dup/vec4;
    %pushi/vec4 2, 0, 6;
    %cmp/u;
    %jmp/1 T_1.5, 6;
    %dup/vec4;
    %pushi/vec4 4, 0, 6;
    %cmp/u;
    %jmp/1 T_1.6, 6;
    %dup/vec4;
    %pushi/vec4 5, 0, 6;
    %cmp/u;
    %jmp/1 T_1.7, 6;
    %dup/vec4;
    %pushi/vec4 8, 0, 6;
    %cmp/u;
    %jmp/1 T_1.8, 6;
    %jmp T_1.9;
T_1.2 ;
    %pushi/vec4 1, 0, 1;
    %assign/vec4 v000002cfe8113990_0, 0;
    %pushi/vec4 1, 0, 1;
    %assign/vec4 v000002cfe8113a30_0, 0;
    %pushi/vec4 0, 0, 1;
    %assign/vec4 v000002cfe80e27d0_0, 0;
    %pushi/vec4 0, 0, 1;
    %assign/vec4 v000002cfe81137b0_0, 0;
    %pushi/vec4 0, 0, 1;
    %assign/vec4 v000002cfe81138f0_0, 0;
    %pushi/vec4 0, 0, 1;
    %assign/vec4 v000002cfe8113850_0, 0;
    %pushi/vec4 0, 0, 1;
    %assign/vec4 v000002cfe8185ef0_0, 0;
    %pushi/vec4 0, 0, 1;
    %assign/vec4 v000002cfe8185d10_0, 0;
    %pushi/vec4 0, 0, 1;
    %assign/vec4 v000002cfe8113670_0, 0;
    %load/vec4 v000002cfe8185450_0;
    %parti/s 6, 0, 2;
    %dup/vec4;
    %pushi/vec4 32, 0, 6;
    %cmp/u;
    %jmp/1 T_1.10, 6;
    %dup/vec4;
    %pushi/vec4 34, 0, 6;
    %cmp/u;
    %jmp/1 T_1.11, 6;
    %dup/vec4;
    %pushi/vec4 26, 0, 6;
    %cmp/u;
    %jmp/1 T_1.12, 6;
    %dup/vec4;
    %pushi/vec4 37, 0, 6;
    %cmp/u;
    %jmp/1 T_1.13, 6;
    %dup/vec4;
    %pushi/vec4 38, 0, 6;
    %cmp/u;
    %jmp/1 T_1.14, 6;
    %dup/vec4;
    %pushi/vec4 36, 0, 6;
    %cmp/u;
    %jmp/1 T_1.15, 6;
    %jmp T_1.16;
T_1.10 ;
    %pushi/vec4 2, 0, 4;
    %assign/vec4 v000002cfe80cbcf0_0, 0;
    %jmp T_1.16;
T_1.11 ;
    %pushi/vec4 6, 0, 4;
    %assign/vec4 v000002cfe80cbcf0_0, 0;
    %jmp T_1.16;
T_1.12 ;
    %pushi/vec4 5, 0, 4;
    %assign/vec4 v000002cfe80cbcf0_0, 0;
    %jmp T_1.16;
T_1.13 ;
    %pushi/vec4 1, 0, 4;
    %assign/vec4 v000002cfe80cbcf0_0, 0;
    %jmp T_1.16;
T_1.14 ;
    %pushi/vec4 15, 0, 4;
    %assign/vec4 v000002cfe80cbcf0_0, 0;
    %jmp T_1.16;
T_1.15 ;
    %pushi/vec4 0, 0, 4;
    %assign/vec4 v000002cfe80cbcf0_0, 0;
    %jmp T_1.16;
T_1.16 ;
    %pop/vec4 1;
    %jmp T_1.9;
T_1.3 ;
    %pushi/vec4 0, 0, 1;
    %assign/vec4 v000002cfe8113990_0, 0;
    %pushi/vec4 1, 0, 1;
    %assign/vec4 v000002cfe8113a30_0, 0;
    %pushi/vec4 1, 0, 1;
    %assign/vec4 v000002cfe80e27d0_0, 0;
    %pushi/vec4 1, 0, 1;
    %assign/vec4 v000002cfe81137b0_0, 0;
    %pushi/vec4 0, 0, 1;
    %assign/vec4 v000002cfe81138f0_0, 0;
    %pushi/vec4 1, 0, 1;
    %assign/vec4 v000002cfe8113850_0, 0;
    %pushi/vec4 0, 0, 1;
    %assign/vec4 v000002cfe8185ef0_0, 0;
    %pushi/vec4 0, 0, 1;
    %assign/vec4 v000002cfe8185d10_0, 0;
    %pushi/vec4 0, 0, 1;
    %assign/vec4 v000002cfe8113670_0, 0;
    %pushi/vec4 2, 0, 4;
    %assign/vec4 v000002cfe80cbcf0_0, 0;
    %jmp T_1.9;
T_1.4 ;
    %pushi/vec4 1, 1, 1;
    %assign/vec4 v000002cfe8113990_0, 0;
    %pushi/vec4 0, 0, 1;
    %assign/vec4 v000002cfe8113a30_0, 0;
    %pushi/vec4 1, 0, 1;
    %assign/vec4 v000002cfe80e27d0_0, 0;
    %pushi/vec4 0, 0, 1;
    %assign/vec4 v000002cfe81137b0_0, 0;
    %pushi/vec4 1, 0, 1;
    %assign/vec4 v000002cfe81138f0_0, 0;
    %pushi/vec4 1, 1, 1;
    %assign/vec4 v000002cfe8113850_0, 0;
    %pushi/vec4 0, 0, 1;
    %assign/vec4 v000002cfe8185ef0_0, 0;
    %pushi/vec4 0, 0, 1;
    %assign/vec4 v000002cfe8185d10_0, 0;
    %pushi/vec4 0, 0, 1;
    %assign/vec4 v000002cfe8113670_0, 0;
    %pushi/vec4 2, 0, 4;
    %assign/vec4 v000002cfe80cbcf0_0, 0;
    %jmp T_1.9;
T_1.5 ;
    %pushi/vec4 1, 1, 1;
    %assign/vec4 v000002cfe8113990_0, 0;
    %pushi/vec4 0, 0, 1;
    %assign/vec4 v000002cfe8113a30_0, 0;
    %pushi/vec4 1, 1, 1;
    %assign/vec4 v000002cfe80e27d0_0, 0;
    %pushi/vec4 1, 1, 1;
    %assign/vec4 v000002cfe81137b0_0, 0;
    %pushi/vec4 0, 0, 1;
    %assign/vec4 v000002cfe81138f0_0, 0;
    %pushi/vec4 1, 1, 1;
    %assign/vec4 v000002cfe8113850_0, 0;
    %pushi/vec4 1, 1, 1;
    %assign/vec4 v000002cfe8185ef0_0, 0;
    %pushi/vec4 1, 1, 1;
    %assign/vec4 v000002cfe8185d10_0, 0;
    %pushi/vec4 1, 0, 1;
    %assign/vec4 v000002cfe8113670_0, 0;
    %jmp T_1.9;
T_1.6 ;
    %pushi/vec4 1, 1, 1;
    %assign/vec4 v000002cfe8113990_0, 0;
    %pushi/vec4 0, 0, 1;
    %assign/vec4 v000002cfe8113a30_0, 0;
    %pushi/vec4 0, 0, 1;
    %assign/vec4 v000002cfe80e27d0_0, 0;
    %pushi/vec4 0, 0, 1;
    %assign/vec4 v000002cfe81137b0_0, 0;
    %pushi/vec4 0, 0, 1;
    %assign/vec4 v000002cfe81138f0_0, 0;
    %pushi/vec4 1, 1, 1;
    %assign/vec4 v000002cfe8113850_0, 0;
    %pushi/vec4 1, 0, 1;
    %assign/vec4 v000002cfe8185ef0_0, 0;
    %pushi/vec4 0, 0, 1;
    %assign/vec4 v000002cfe8185d10_0, 0;
    %pushi/vec4 0, 0, 1;
    %assign/vec4 v000002cfe8113670_0, 0;
    %pushi/vec4 6, 0, 4;
    %assign/vec4 v000002cfe80cbcf0_0, 0;
    %jmp T_1.9;
T_1.7 ;
    %pushi/vec4 6, 0, 4;
    %assign/vec4 v000002cfe80cbcf0_0, 0;
    %pushi/vec4 1, 1, 1;
    %assign/vec4 v000002cfe8113990_0, 0;
    %pushi/vec4 0, 0, 1;
    %assign/vec4 v000002cfe8113a30_0, 0;
    %pushi/vec4 0, 0, 1;
    %assign/vec4 v000002cfe80e27d0_0, 0;
    %pushi/vec4 0, 0, 1;
    %assign/vec4 v000002cfe81137b0_0, 0;
    %pushi/vec4 0, 0, 1;
    %assign/vec4 v000002cfe81138f0_0, 0;
    %pushi/vec4 1, 1, 1;
    %assign/vec4 v000002cfe8113850_0, 0;
    %pushi/vec4 1, 0, 1;
    %assign/vec4 v000002cfe8185d10_0, 0;
    %pushi/vec4 0, 0, 1;
    %assign/vec4 v000002cfe8185ef0_0, 0;
    %pushi/vec4 0, 0, 1;
    %assign/vec4 v000002cfe8113670_0, 0;
    %jmp T_1.9;
T_1.8 ;
    %pushi/vec4 2, 0, 4;
    %assign/vec4 v000002cfe80cbcf0_0, 0;
    %pushi/vec4 0, 0, 1;
    %assign/vec4 v000002cfe8113990_0, 0;
    %pushi/vec4 1, 0, 1;
    %assign/vec4 v000002cfe8113a30_0, 0;
    %pushi/vec4 1, 0, 1;
    %assign/vec4 v000002cfe80e27d0_0, 0;
    %pushi/vec4 0, 0, 1;
    %assign/vec4 v000002cfe81137b0_0, 0;
    %pushi/vec4 0, 0, 1;
    %assign/vec4 v000002cfe81138f0_0, 0;
    %pushi/vec4 0, 0, 1;
    %assign/vec4 v000002cfe8113850_0, 0;
    %pushi/vec4 0, 0, 1;
    %assign/vec4 v000002cfe8185ef0_0, 0;
    %pushi/vec4 0, 0, 1;
    %assign/vec4 v000002cfe8185d10_0, 0;
    %pushi/vec4 0, 0, 1;
    %assign/vec4 v000002cfe8113670_0, 0;
    %jmp T_1.9;
T_1.9 ;
    %pop/vec4 1;
T_1.1 ;
    %load/vec4 v000002cfe8185ef0_0;
    %load/vec4 v000002cfe8185d10_0;
    %or;
    %store/vec4 v000002cfe8185c70_0, 0, 1;
    %load/vec4 v000002cfe8113990_0;
    %pad/u 32;
    %cmpi/e 1, 0, 32;
    %flag_mov 8, 4;
    %jmp/0 T_1.17, 8;
    %load/vec4 v000002cfe8185450_0;
    %parti/s 5, 11, 5;
    %jmp/1 T_1.18, 8;
T_1.17 ; End of true expr.
    %load/vec4 v000002cfe8185450_0;
    %parti/s 5, 16, 6;
    %jmp/0 T_1.18, 8;
 ; End of false expr.
    %blend;
T_1.18;
    %store/vec4 v000002cfe8185130_0, 0, 5;
    %load/vec4 v000002cfe8185450_0;
    %parti/s 5, 21, 6;
    %pad/u 7;
    %ix/vec4 4;
    %load/vec4a v000002cfe8113ad0, 4;
    %assign/vec4 v000002cfe81854f0_0, 0;
    %load/vec4 v000002cfe8185450_0;
    %parti/s 5, 16, 6;
    %pad/u 7;
    %ix/vec4 4;
    %load/vec4a v000002cfe8113ad0, 4;
    %assign/vec4 v000002cfe8185db0_0, 0;
    %load/vec4 v000002cfe8185450_0;
    %parti/s 1, 15, 5;
    %replicate 16;
    %load/vec4 v000002cfe8185450_0;
    %parti/s 16, 0, 2;
    %concat/vec4; draw_concat_vec4
    %store/vec4 v000002cfe81859f0_0, 0, 32;
    %load/vec4 v000002cfe80e27d0_0;
    %flag_set/vec4 8;
    %jmp/0 T_1.19, 8;
    %load/vec4 v000002cfe81859f0_0;
    %jmp/1 T_1.20, 8;
T_1.19 ; End of true expr.
    %load/vec4 v000002cfe8185db0_0;
    %jmp/0 T_1.20, 8;
 ; End of false expr.
    %blend;
T_1.20;
    %store/vec4 v000002cfe8185310_0, 0, 32;
    %load/vec4 v000002cfe8185e50_0;
    %load/vec4 v000002cfe8185450_0;
    %parti/s 1, 15, 5;
    %replicate 16;
    %load/vec4 v000002cfe8185450_0;
    %parti/s 16, 0, 2;
    %concat/vec4; draw_concat_vec4
    %add;
    %subi 4, 0, 32;
    %store/vec4 v000002cfe80e2870_0, 0, 32;
    %pushi/vec4 0, 0, 4;
    %load/vec4 v000002cfe8185450_0;
    %parti/s 26, 0, 2;
    %concat/vec4; draw_concat_vec4
    %concati/vec4 0, 0, 2;
    %store/vec4 v000002cfe8113710_0, 0, 32;
    %load/vec4 v000002cfe8113670_0;
    %flag_set/vec4 8;
    %jmp/0 T_1.21, 8;
    %load/vec4 v000002cfe8113710_0;
    %jmp/1 T_1.22, 8;
T_1.21 ; End of true expr.
    %load/vec4 v000002cfe81854f0_0;
    %load/vec4 v000002cfe8185db0_0;
    %cmp/e;
    %flag_get/vec4 4;
    %load/vec4 v000002cfe8185c70_0;
    %and;
    %flag_set/vec4 9;
    %jmp/0 T_1.23, 9;
    %load/vec4 v000002cfe80e2870_0;
    %jmp/1 T_1.24, 9;
T_1.23 ; End of true expr.
    %load/vec4 v000002cfe8185e50_0;
    %jmp/0 T_1.24, 9;
 ; End of false expr.
    %blend;
T_1.24;
    %jmp/0 T_1.22, 8;
 ; End of false expr.
    %blend;
T_1.22;
    %store/vec4 v000002cfe80e2910_0, 0, 32;
    %load/vec4 v000002cfe8113670_0;
    %load/vec4 v000002cfe8185c70_0;
    %load/vec4 v000002cfe81854f0_0;
    %load/vec4 v000002cfe8185db0_0;
    %cmp/e;
    %flag_get/vec4 4;
    %and;
    %or;
    %store/vec4 v000002cfe81135d0_0, 0, 1;
    %jmp T_1;
    .thread T_1;
    .scope S_000002cfe80e2510;
T_2 ;
    %wait E_000002cfe810ae20;
    %load/vec4 v000002cfe8113b70_0;
    %flag_set/vec4 8;
    %jmp/0xz  T_2.0, 8;
    %load/vec4 v000002cfe8185950_0;
    %load/vec4 v000002cfe8185a90_0;
    %pad/u 7;
    %ix/vec4 3;
    %ix/load 4, 0, 0; Constant delay
    %assign/vec4/a/d v000002cfe8113ad0, 0, 4;
T_2.0 ;
    %jmp T_2;
    .thread T_2;
# The file index is used to find the file name in the following table.
:file_names 3;
    "N/A";
    "<interactive>";
    "ID.v";
