#! /c/Source/iverilog-install/bin/vvp
:ivl_version "12.0 (devel)" "(s20150603-1539-g2693dd32b)";
:ivl_delay_selection "TYPICAL";
:vpi_time_precision + 0;
:vpi_module "C:\iverilog\lib\ivl\system.vpi";
:vpi_module "C:\iverilog\lib\ivl\vhdl_sys.vpi";
:vpi_module "C:\iverilog\lib\ivl\vhdl_textio.vpi";
:vpi_module "C:\iverilog\lib\ivl\v2005_math.vpi";
:vpi_module "C:\iverilog\lib\ivl\va_math.vpi";
S_00000225f6262510 .scope module, "IF" "IF" 2 1;
 .timescale 0 0;
    .port_info 0 /INPUT 1 "clk";
    .port_info 1 /INPUT 1 "IDpcSrc";
    .port_info 2 /INPUT 1 "Stall";
    .port_info 3 /INPUT 32 "IDPC";
    .port_info 4 /OUTPUT 32 "nextPC";
    .port_info 5 /OUTPUT 32 "instruction";
o00000225f6296fd8 .functor BUFZ 32, C4<zzzzzzzzzzzzzzzzzzzzzzzzzzzzzzzz>; HiZ drive
v00000225f62626a0_0 .net "IDPC", 31 0, o00000225f6296fd8;  0 drivers
o00000225f6297008 .functor BUFZ 1, C4<z>; HiZ drive
v00000225f6262740_0 .net "IDpcSrc", 0 0, o00000225f6297008;  0 drivers
v00000225f62627e0 .array "InsMem", 0 2047, 7 0;
v00000225f6262880_0 .var "PC", 31 0;
o00000225f6297068 .functor BUFZ 1, C4<z>; HiZ drive
v00000225f62d9c40_0 .net "Stall", 0 0, o00000225f6297068;  0 drivers
o00000225f6297098 .functor BUFZ 1, C4<z>; HiZ drive
v00000225f62d9ce0_0 .net "clk", 0 0, o00000225f6297098;  0 drivers
v00000225f62d9d80_0 .var/i "i", 31 0;
v00000225f62d9e20_0 .var "instruction", 31 0;
v00000225f62d9ec0_0 .var "nextPC", 31 0;
E_00000225f63ab0a0 .event posedge, v00000225f62d9ce0_0;
    .scope S_00000225f6262510;
T_0 ;
    %pushi/vec4 0, 0, 32;
    %store/vec4 v00000225f6262880_0, 0, 32;
    %vpi_call 2 13 "$readmemb", "A_bin.txt", v00000225f62627e0 {0 0 0};
    %pushi/vec4 4, 0, 32;
    %store/vec4 v00000225f62d9ec0_0, 0, 32;
    %end;
    .thread T_0;
    .scope S_00000225f6262510;
T_1 ;
    %wait E_00000225f63ab0a0;
    %load/vec4 v00000225f62d9c40_0;
    %nor/r;
    %flag_set/vec4 8;
    %jmp/0xz  T_1.0, 8;
    %pushi/vec4 0, 0, 32;
    %store/vec4 v00000225f62d9e20_0, 0, 32;
    %load/vec4 v00000225f6262740_0;
    %flag_set/vec4 8;
    %jmp/0xz  T_1.2, 8;
    %load/vec4 v00000225f62626a0_0;
    %store/vec4 v00000225f6262880_0, 0, 32;
T_1.2 ;
    %load/vec4 v00000225f6262880_0;
    %store/vec4 v00000225f62d9d80_0, 0, 32;
T_1.4 ;
    %load/vec4 v00000225f62d9d80_0;
    %load/vec4 v00000225f6262880_0;
    %addi 4, 0, 32;
    %cmp/u;
    %jmp/0xz T_1.5, 5;
    %load/vec4 v00000225f62d9e20_0;
    %ix/load 4, 8, 0;
    %flag_set/imm 4, 0;
    %shiftl 4;
    %ix/getv/s 4, v00000225f62d9d80_0;
    %load/vec4a v00000225f62627e0, 4;
    %pad/u 32;
    %add;
    %store/vec4 v00000225f62d9e20_0, 0, 32;
    %load/vec4 v00000225f62d9d80_0;
    %addi 1, 0, 32;
    %store/vec4 v00000225f62d9d80_0, 0, 32;
    %jmp T_1.4;
T_1.5 ;
    %load/vec4 v00000225f6262880_0;
    %addi 4, 0, 32;
    %store/vec4 v00000225f6262880_0, 0, 32;
    %load/vec4 v00000225f6262880_0;
    %store/vec4 v00000225f62d9ec0_0, 0, 32;
T_1.0 ;
    %jmp T_1;
    .thread T_1;
# The file index is used to find the file name in the following table.
:file_names 3;
    "N/A";
    "<interactive>";
    "IF.v";
