#! /c/Source/iverilog-install/bin/vvp
:ivl_version "12.0 (devel)" "(s20150603-1539-g2693dd32b)";
:ivl_delay_selection "TYPICAL";
:vpi_time_precision + 0;
:vpi_module "C:\iverilog\lib\ivl\system.vpi";
:vpi_module "C:\iverilog\lib\ivl\vhdl_sys.vpi";
:vpi_module "C:\iverilog\lib\ivl\vhdl_textio.vpi";
:vpi_module "C:\iverilog\lib\ivl\v2005_math.vpi";
:vpi_module "C:\iverilog\lib\ivl\va_math.vpi";
S_00000178c54f2620 .scope module, "IFID" "IFID" 2 1;
 .timescale 0 0;
    .port_info 0 /INPUT 1 "clk";
    .port_info 1 /INPUT 32 "instructionIF";
    .port_info 2 /INPUT 32 "nextPCIF";
    .port_info 3 /OUTPUT 32 "instructionID";
    .port_info 4 /OUTPUT 32 "nextPCID";
    .port_info 5 /INPUT 1 "Stall";
o00000178c5526fa8 .functor BUFZ 1, C4<z>; HiZ drive
v00000178c54f27b0_0 .net "Stall", 0 0, o00000178c5526fa8;  0 drivers
o00000178c5526fd8 .functor BUFZ 1, C4<z>; HiZ drive
v00000178c54f2850_0 .net "clk", 0 0, o00000178c5526fd8;  0 drivers
v00000178c54f28f0_0 .var "instructionID", 31 0;
o00000178c5527038 .functor BUFZ 32, C4<zzzzzzzzzzzzzzzzzzzzzzzzzzzzzzzz>; HiZ drive
v00000178c546dc50_0 .net "instructionIF", 31 0, o00000178c5527038;  0 drivers
v00000178c546dcf0_0 .var "nextPCID", 31 0;
o00000178c5527098 .functor BUFZ 32, C4<zzzzzzzzzzzzzzzzzzzzzzzzzzzzzzzz>; HiZ drive
v00000178c546dd90_0 .net "nextPCIF", 31 0, o00000178c5527098;  0 drivers
E_00000178c5468e40 .event posedge, v00000178c54f2850_0;
    .scope S_00000178c54f2620;
T_0 ;
    %pushi/vec4 0, 0, 32;
    %store/vec4 v00000178c54f28f0_0, 0, 32;
    %end;
    .thread T_0;
    .scope S_00000178c54f2620;
T_1 ;
    %wait E_00000178c5468e40;
    %load/vec4 v00000178c54f27b0_0;
    %nor/r;
    %flag_set/vec4 8;
    %jmp/0xz  T_1.0, 8;
    %load/vec4 v00000178c546dd90_0;
    %store/vec4 v00000178c546dcf0_0, 0, 32;
    %load/vec4 v00000178c546dc50_0;
    %store/vec4 v00000178c54f28f0_0, 0, 32;
T_1.0 ;
    %jmp T_1;
    .thread T_1;
# The file index is used to find the file name in the following table.
:file_names 3;
    "N/A";
    "<interactive>";
    "IFID.v";
