#! /c/Source/iverilog-install/bin/vvp
:ivl_version "12.0 (devel)" "(s20150603-1539-g2693dd32b)";
:ivl_delay_selection "TYPICAL";
:vpi_time_precision + 0;
:vpi_module "C:\iverilog\lib\ivl\system.vpi";
:vpi_module "C:\iverilog\lib\ivl\vhdl_sys.vpi";
:vpi_module "C:\iverilog\lib\ivl\vhdl_textio.vpi";
:vpi_module "C:\iverilog\lib\ivl\v2005_math.vpi";
:vpi_module "C:\iverilog\lib\ivl\va_math.vpi";
S_000001a1648fed80 .scope module, "MEM" "MEM" 2 1;
 .timescale 0 0;
    .port_info 0 /INPUT 1 "clk";
    .port_info 1 /INPUT 32 "DMAddress";
    .port_info 2 /INPUT 32 "DMrd2";
    .port_info 3 /INPUT 1 "DMMemRead";
    .port_info 4 /INPUT 1 "DMMemWrite";
    .port_info 5 /OUTPUT 32 "DMReadData";
o000001a164946fd8 .functor BUFZ 32, C4<zzzzzzzzzzzzzzzzzzzzzzzzzzzzzzzz>; HiZ drive
v000001a164912510_0 .net "DMAddress", 31 0, o000001a164946fd8;  0 drivers
o000001a164947008 .functor BUFZ 1, C4<z>; HiZ drive
v000001a1648fb5f0_0 .net "DMMemRead", 0 0, o000001a164947008;  0 drivers
o000001a164947038 .functor BUFZ 1, C4<z>; HiZ drive
v000001a1648fb690_0 .net "DMMemWrite", 0 0, o000001a164947038;  0 drivers
v000001a1648fb730_0 .var "DMReadData", 31 0;
o000001a164947098 .functor BUFZ 32, C4<zzzzzzzzzzzzzzzzzzzzzzzzzzzzzzzz>; HiZ drive
v000001a1648fb7d0_0 .net "DMrd2", 31 0, o000001a164947098;  0 drivers
v000001a1648fb870 .array "Memory", 0 2047, 31 0;
o000001a1649470c8 .functor BUFZ 1, C4<z>; HiZ drive
v000001a1648fb910_0 .net "clk", 0 0, o000001a1649470c8;  0 drivers
v000001a1648fb9b0_0 .var/i "i", 31 0;
E_000001a164945e10 .event posedge, v000001a1648fb910_0;
    .scope S_000001a1648fed80;
T_0 ;
    %pushi/vec4 0, 0, 32;
    %store/vec4 v000001a1648fb9b0_0, 0, 32;
T_0.0 ;
    %load/vec4 v000001a1648fb9b0_0;
    %cmpi/s 2048, 0, 32;
    %jmp/0xz T_0.1, 5;
    %load/vec4 v000001a1648fb9b0_0;
    %ix/getv/s 3, v000001a1648fb9b0_0;
    %ix/load 4, 0, 0; Constant delay
    %assign/vec4/a/d v000001a1648fb870, 0, 4;
    %load/vec4 v000001a1648fb9b0_0;
    %addi 1, 0, 32;
    %store/vec4 v000001a1648fb9b0_0, 0, 32;
    %jmp T_0.0;
T_0.1 ;
    %end;
    .thread T_0;
    .scope S_000001a1648fed80;
T_1 ;
    %wait E_000001a164945e10;
    %load/vec4 v000001a1648fb690_0;
    %flag_set/vec4 8;
    %jmp/0xz  T_1.0, 8;
    %load/vec4 v000001a1648fb730_0;
    %ix/getv 3, v000001a164912510_0;
    %ix/load 4, 0, 0; Constant delay
    %assign/vec4/a/d v000001a1648fb870, 0, 4;
T_1.0 ;
    %ix/getv 4, v000001a164912510_0;
    %load/vec4a v000001a1648fb870, 4;
    %assign/vec4 v000001a1648fb730_0, 0;
    %jmp T_1;
    .thread T_1;
# The file index is used to find the file name in the following table.
:file_names 3;
    "N/A";
    "<interactive>";
    "MEM.v";
