#! /c/Source/iverilog-install/bin/vvp
:ivl_version "12.0 (devel)" "(s20150603-1539-g2693dd32b)";
:ivl_delay_selection "TYPICAL";
:vpi_time_precision + 0;
:vpi_module "C:\iverilog\lib\ivl\system.vpi";
:vpi_module "C:\iverilog\lib\ivl\vhdl_sys.vpi";
:vpi_module "C:\iverilog\lib\ivl\vhdl_textio.vpi";
:vpi_module "C:\iverilog\lib\ivl\v2005_math.vpi";
:vpi_module "C:\iverilog\lib\ivl\va_math.vpi";
S_000001f3843dbd00 .scope module, "pipeline" "pipeline" 2 12;
 .timescale 0 0;
    .port_info 0 /INPUT 1 "clk";
o000001f384441a08 .functor BUFZ 1, C4<z>; HiZ drive
v000001f384437ab0_0 .net "DMMemWrite", 0 0, o000001f384441a08;  0 drivers
o000001f384441a38 .functor BUFZ 1, C4<z>; HiZ drive
v000001f384437330_0 .net "DMRegWrite", 0 0, o000001f384441a38;  0 drivers
o000001f384440148 .functor BUFZ 1, C4<z>; HiZ drive
v000001f384436c50_0 .net "clk", 0 0, o000001f384440148;  0 drivers
S_000001f3843dbe90 .scope module, "EX1" "EX" 2 27, 3 1 0, S_000001f3843dbd00;
 .timescale 0 0;
    .port_info 0 /INPUT 1 "clk";
    .port_info 1 /INPUT 32 "EXRead1";
    .port_info 2 /INPUT 32 "EXsignEX";
    .port_info 3 /INPUT 4 "AluCtrl";
    .port_info 4 /OUTPUT 32 "ALUres";
    .port_info 5 /OUTPUT 1 "zero";
v000001f384419120_0 .var "ALUres", 31 0;
v000001f384418540_0 .net "AluCtrl", 3 0, v000001f38442ecb0_0;  1 drivers
v000001f384418d60_0 .net "EXRead1", 31 0, v000001f38442e350_0;  1 drivers
v000001f384418ea0_0 .net "EXsignEX", 31 0, v000001f38442fb10_0;  1 drivers
v000001f384418c20_0 .net "clk", 0 0, o000001f384440148;  alias, 0 drivers
v000001f3844189a0_0 .var "zero", 0 0;
E_000001f3844074c0/0 .event anyedge, v000001f384418ea0_0, v000001f384418d60_0, v000001f384418540_0;
E_000001f3844074c0/1 .event posedge, v000001f384418c20_0;
E_000001f3844074c0 .event/or E_000001f3844074c0/0, E_000001f3844074c0/1;
S_000001f38438a780 .scope module, "EXDM1" "EXDM" 2 29, 4 1 0, S_000001f3843dbd00;
 .timescale 0 0;
    .port_info 0 /INPUT 1 "clk";
    .port_info 1 /INPUT 32 "instructionEX";
    .port_info 2 /INPUT 32 "ALUres";
    .port_info 3 /INPUT 1 "EXMemRead";
    .port_info 4 /INPUT 1 "EXMemToReg";
    .port_info 5 /INPUT 1 "EXMemWrite";
    .port_info 6 /INPUT 1 "EXRegWrite";
    .port_info 7 /INPUT 5 "EXwriteReg";
    .port_info 8 /INPUT 32 "EXRead2";
    .port_info 9 /OUTPUT 32 "instructionDM";
    .port_info 10 /OUTPUT 32 "ALUresDM";
    .port_info 11 /OUTPUT 1 "DMMemRead";
    .port_info 12 /OUTPUT 1 "DMMemToReg";
    .port_info 13 /OUTPUT 1 "DMMemWrite";
    .port_info 14 /OUTPUT 1 "DMRegWrite";
    .port_info 15 /OUTPUT 5 "DMwriteReg";
    .port_info 16 /OUTPUT 32 "DMRead2";
v000001f384418720_0 .net "ALUres", 31 0, v000001f384419120_0;  1 drivers
v000001f384418cc0_0 .var "ALUresDM", 31 0;
v000001f384418f40_0 .var "DMMemRead", 0 0;
v000001f384418680_0 .var "DMMemToReg", 0 0;
v000001f3844191c0_0 .var "DMMemWrite", 0 0;
v000001f3844187c0_0 .var "DMRead2", 31 0;
v000001f384418900_0 .var "DMRegWrite", 0 0;
v000001f384418a40_0 .var "DMwriteReg", 4 0;
v000001f384418e00_0 .net "EXMemRead", 0 0, v000001f38442f110_0;  1 drivers
v000001f384418400_0 .net "EXMemToReg", 0 0, v000001f38442e5d0_0;  1 drivers
v000001f3844182c0_0 .net "EXMemWrite", 0 0, v000001f38442f390_0;  1 drivers
v000001f384418fe0_0 .net "EXRead2", 31 0, v000001f38442e670_0;  1 drivers
v000001f384418360_0 .net "EXRegWrite", 0 0, v000001f38442ed50_0;  1 drivers
v000001f384418b80_0 .net "EXwriteReg", 4 0, v000001f3844300b0_0;  1 drivers
v000001f384418860_0 .net "clk", 0 0, o000001f384440148;  alias, 0 drivers
v000001f384418ae0_0 .var "instructionDM", 31 0;
v000001f3844184a0_0 .net "instructionEX", 31 0, v000001f38442e7b0_0;  1 drivers
E_000001f3844073c0 .event posedge, v000001f384418c20_0;
S_000001f38438a910 .scope module, "ID1" "ID" 2 21, 5 1 0, S_000001f3843dbd00;
 .timescale 0 0;
    .port_info 0 /INPUT 1 "clk";
    .port_info 1 /INPUT 32 "nextPCID";
    .port_info 2 /INPUT 32 "instructionIDstall";
    .port_info 3 /INPUT 5 "WBwriteReg";
    .port_info 4 /INPUT 32 "WBwriteData";
    .port_info 5 /INPUT 1 "WBRegWrite";
    .port_info 6 /OUTPUT 32 "rd1";
    .port_info 7 /OUTPUT 32 "rd2";
    .port_info 8 /OUTPUT 32 "signEx";
    .port_info 9 /OUTPUT 1 "RegDest";
    .port_info 10 /OUTPUT 1 "MemRead";
    .port_info 11 /OUTPUT 1 "MemToReg";
    .port_info 12 /OUTPUT 1 "MemWrite";
    .port_info 13 /OUTPUT 1 "RegWrite";
    .port_info 14 /OUTPUT 5 "writeReg";
    .port_info 15 /OUTPUT 4 "AluCtrl";
    .port_info 16 /OUTPUT 32 "IDPC";
    .port_info 17 /OUTPUT 1 "IDpcSrc";
v000001f38442ea30_0 .var "AluCtrl", 3 0;
v000001f38442f750_0 .var "AluSrc", 0 0;
v000001f38442f930_0 .var "BranchAddr", 31 0;
v000001f38442e530_0 .var "IDPC", 31 0;
v000001f38442f6b0_0 .var "IDpcSrc", 0 0;
v000001f38442ead0_0 .var "Jump", 0 0;
v000001f38442f7f0_0 .var "JumpAddr", 31 0;
v000001f38442ff70_0 .var "MemRead", 0 0;
v000001f38442fbb0_0 .var "MemToReg", 0 0;
v000001f38442f1b0_0 .var "MemWrite", 0 0;
v000001f384430010_0 .var "RegDest", 0 0;
v000001f38442f9d0_0 .var "RegWrite", 0 0;
v000001f38442ee90 .array "Registers", 0 31, 31 0;
v000001f384430150_0 .net "WBRegWrite", 0 0, v000001f384431580_0;  1 drivers
v000001f38442e990_0 .net "WBwriteData", 31 0, v000001f384430720_0;  1 drivers
v000001f38442e8f0_0 .net "WBwriteReg", 4 0, v000001f384431120_0;  1 drivers
v000001f38442fa70_0 .net "clk", 0 0, o000001f384440148;  alias, 0 drivers
v000001f38442eb70_0 .var/i "i", 31 0;
v000001f38442fcf0_0 .net "instructionIDstall", 31 0, v000001f384434c40_0;  1 drivers
v000001f38442e3f0_0 .var "isBranch", 0 0;
v000001f38442ef30_0 .var "isbeq", 0 0;
v000001f38442efd0_0 .var "isbne", 0 0;
v000001f38442e490_0 .net "nextPCID", 31 0, v000001f384430860_0;  1 drivers
v000001f38442fd90_0 .var "rd1", 31 0;
v000001f38442edf0_0 .var "rd2", 31 0;
v000001f38442f070_0 .var "signEx", 31 0;
v000001f38442e850_0 .var "signExt", 31 0;
v000001f38442fe30_0 .var "writeReg", 4 0;
E_000001f384407600 .event negedge, v000001f384418c20_0;
S_000001f3843d93e0 .scope module, "IDEX1" "IDEX" 2 24, 6 1 0, S_000001f3843dbd00;
 .timescale 0 0;
    .port_info 0 /INPUT 1 "clk";
    .port_info 1 /INPUT 32 "instructionIDstall";
    .port_info 2 /INPUT 32 "rd1";
    .port_info 3 /INPUT 32 "rd2";
    .port_info 4 /INPUT 32 "signEx";
    .port_info 5 /INPUT 1 "MemRead";
    .port_info 6 /INPUT 1 "MemToReg";
    .port_info 7 /INPUT 1 "MemWrite";
    .port_info 8 /INPUT 1 "RegWrite";
    .port_info 9 /INPUT 5 "writeReg";
    .port_info 10 /INPUT 4 "AluCtrl";
    .port_info 11 /OUTPUT 32 "instructionEX";
    .port_info 12 /OUTPUT 32 "EXread1";
    .port_info 13 /OUTPUT 32 "EXread2";
    .port_info 14 /OUTPUT 32 "EXsignEx";
    .port_info 15 /OUTPUT 1 "EXMemRead";
    .port_info 16 /OUTPUT 1 "EXMemToReg";
    .port_info 17 /OUTPUT 1 "EXMemWrite";
    .port_info 18 /OUTPUT 1 "EXRegWrite";
    .port_info 19 /OUTPUT 5 "EXwriteReg";
    .port_info 20 /OUTPUT 4 "EXAluCtrl";
v000001f38442ec10_0 .net "AluCtrl", 3 0, v000001f38442ea30_0;  1 drivers
v000001f38442ecb0_0 .var "EXAluCtrl", 3 0;
v000001f38442f110_0 .var "EXMemRead", 0 0;
v000001f38442e5d0_0 .var "EXMemToReg", 0 0;
v000001f38442f390_0 .var "EXMemWrite", 0 0;
v000001f38442ed50_0 .var "EXRegWrite", 0 0;
v000001f38442e350_0 .var "EXread1", 31 0;
v000001f38442e670_0 .var "EXread2", 31 0;
v000001f38442fb10_0 .var "EXsignEx", 31 0;
v000001f3844300b0_0 .var "EXwriteReg", 4 0;
v000001f38442fc50_0 .net "MemRead", 0 0, v000001f38442ff70_0;  1 drivers
v000001f38442fed0_0 .net "MemToReg", 0 0, v000001f38442fbb0_0;  1 drivers
v000001f38442f2f0_0 .net "MemWrite", 0 0, v000001f38442f1b0_0;  1 drivers
v000001f3844301f0_0 .net "RegWrite", 0 0, v000001f38442f9d0_0;  1 drivers
v000001f38442e710_0 .net "clk", 0 0, o000001f384440148;  alias, 0 drivers
v000001f38442e7b0_0 .var "instructionEX", 31 0;
v000001f38442f430_0 .net "instructionIDstall", 31 0, v000001f384434c40_0;  alias, 1 drivers
v000001f38442f250_0 .net "rd1", 31 0, v000001f38442fd90_0;  1 drivers
v000001f38442f4d0_0 .net "rd2", 31 0, v000001f38442edf0_0;  1 drivers
v000001f38442f570_0 .net "signEx", 31 0, v000001f38442f070_0;  1 drivers
v000001f38442f610_0 .net "writeReg", 4 0, v000001f38442fe30_0;  1 drivers
S_000001f3843d9570 .scope module, "IF1" "IF" 2 15, 7 1 0, S_000001f3843dbd00;
 .timescale 0 0;
    .port_info 0 /INPUT 1 "clk";
    .port_info 1 /INPUT 1 "IDpcSrc";
    .port_info 2 /INPUT 1 "Stall";
    .port_info 3 /INPUT 32 "IDPC";
    .port_info 4 /OUTPUT 32 "nextPC";
    .port_info 5 /OUTPUT 32 "instruction";
v000001f384419080_0 .net "IDPC", 31 0, v000001f38442e530_0;  1 drivers
v000001f384431760_0 .net "IDpcSrc", 0 0, v000001f38442f6b0_0;  1 drivers
v000001f384430ea0 .array "InsMem", 0 2047, 7 0;
v000001f384430c20_0 .var "PC", 31 0;
v000001f384432020_0 .net "Stall", 0 0, v000001f384435960_0;  1 drivers
v000001f384430a40_0 .net "clk", 0 0, o000001f384440148;  alias, 0 drivers
v000001f384431800_0 .var/i "i", 31 0;
v000001f384431940_0 .var "instruction", 31 0;
v000001f3844319e0_0 .var "nextPC", 31 0;
S_000001f3843d6ec0 .scope module, "IFID1" "IFID" 2 17, 8 1 0, S_000001f3843dbd00;
 .timescale 0 0;
    .port_info 0 /INPUT 1 "clk";
    .port_info 1 /INPUT 32 "instructionIF";
    .port_info 2 /INPUT 32 "nextPCIF";
    .port_info 3 /OUTPUT 32 "instructionID";
    .port_info 4 /OUTPUT 32 "nextPCID";
    .port_info 5 /INPUT 1 "Stall";
v000001f384431bc0_0 .net "Stall", 0 0, v000001f384435960_0;  alias, 1 drivers
v000001f3844311c0_0 .net "clk", 0 0, o000001f384440148;  alias, 0 drivers
v000001f3844320c0_0 .var "instructionID", 31 0;
v000001f384430f40_0 .net "instructionIF", 31 0, v000001f384431940_0;  1 drivers
v000001f384430860_0 .var "nextPCID", 31 0;
o000001f384441738 .functor BUFZ 32, C4<zzzzzzzzzzzzzzzzzzzzzzzzzzzzzzzz>; HiZ drive
v000001f384430900_0 .net "nextPCIF", 31 0, o000001f384441738;  0 drivers
S_000001f3843d7050 .scope module, "MEM1" "MEM" 2 32, 9 1 0, S_000001f3843dbd00;
 .timescale 0 0;
    .port_info 0 /INPUT 1 "clk";
    .port_info 1 /INPUT 32 "DMAddress";
    .port_info 2 /INPUT 32 "DMrd2";
    .port_info 3 /INPUT 1 "DMMemRead";
    .port_info 4 /INPUT 1 "DMMemWrite";
    .port_info 5 /OUTPUT 32 "DMReadData";
v000001f384430e00_0 .net "DMAddress", 31 0, v000001f384418cc0_0;  1 drivers
v000001f384431d00_0 .net "DMMemRead", 0 0, v000001f384418f40_0;  1 drivers
v000001f384431ee0_0 .net "DMMemWrite", 0 0, v000001f3844191c0_0;  1 drivers
v000001f3844309a0_0 .var "DMReadData", 31 0;
v000001f384430ae0_0 .net "DMrd2", 31 0, v000001f3844187c0_0;  1 drivers
v000001f384431260 .array "Memory", 0 2047, 31 0;
v000001f384431e40_0 .net "clk", 0 0, o000001f384440148;  alias, 0 drivers
v000001f384430360_0 .var/i "i", 31 0;
S_000001f3843d5930 .scope module, "MEMWB1" "MEMWB" 2 34, 10 1 0, S_000001f3843dbd00;
 .timescale 0 0;
    .port_info 0 /INPUT 1 "clk";
    .port_info 1 /INPUT 32 "instructionDM";
    .port_info 2 /INPUT 1 "DMMemRead";
    .port_info 3 /INPUT 1 "DMMemWrite";
    .port_info 4 /INPUT 1 "DMMemToReg";
    .port_info 5 /INPUT 1 "DMRegWrite";
    .port_info 6 /INPUT 5 "DMWriteReg";
    .port_info 7 /INPUT 32 "DMReadData";
    .port_info 8 /INPUT 32 "DMAluRes";
    .port_info 9 /OUTPUT 32 "instructionWB";
    .port_info 10 /OUTPUT 1 "WBMemRead";
    .port_info 11 /OUTPUT 1 "WBMemWrite";
    .port_info 12 /OUTPUT 1 "WBMemToReg";
    .port_info 13 /OUTPUT 1 "WBiRegWrite";
    .port_info 14 /OUTPUT 5 "WBiWriteReg";
    .port_info 15 /OUTPUT 32 "WBReadData";
    .port_info 16 /OUTPUT 32 "WBAluRes";
v000001f384431da0_0 .net "DMAluRes", 31 0, v000001f384418cc0_0;  alias, 1 drivers
v000001f384430b80_0 .net "DMMemRead", 0 0, v000001f384418f40_0;  alias, 1 drivers
v000001f3844318a0_0 .net "DMMemToReg", 0 0, v000001f384418680_0;  1 drivers
v000001f384431a80_0 .net "DMMemWrite", 0 0, o000001f384441a08;  alias, 0 drivers
v000001f384431b20_0 .net "DMReadData", 31 0, v000001f3844309a0_0;  1 drivers
v000001f384431c60_0 .net "DMRegWrite", 0 0, o000001f384441a38;  alias, 0 drivers
v000001f384432160_0 .net "DMWriteReg", 4 0, v000001f384418a40_0;  1 drivers
v000001f384431440_0 .var "WBAluRes", 31 0;
v000001f384431f80_0 .var "WBMemRead", 0 0;
v000001f384430400_0 .var "WBMemToReg", 0 0;
v000001f384432200_0 .var "WBMemWrite", 0 0;
v000001f384430cc0_0 .var "WBReadData", 31 0;
v000001f3844304a0_0 .var "WBiRegWrite", 0 0;
v000001f384430d60_0 .var "WBiWriteReg", 4 0;
v000001f384430fe0_0 .net "clk", 0 0, o000001f384440148;  alias, 0 drivers
v000001f3844316c0_0 .net "instructionDM", 31 0, v000001f384418ae0_0;  1 drivers
v000001f3844314e0_0 .var "instructionWB", 31 0;
S_000001f3843d5ac0 .scope module, "WB1" "WB" 2 37, 11 1 0, S_000001f3843dbd00;
 .timescale 0 0;
    .port_info 0 /INPUT 1 "clk";
    .port_info 1 /INPUT 1 "WBMemToReg";
    .port_info 2 /INPUT 32 "WBReadData";
    .port_info 3 /INPUT 32 "WBAluRes";
    .port_info 4 /INPUT 5 "WBiWriteReg";
    .port_info 5 /INPUT 1 "WBiRegWrite";
    .port_info 6 /OUTPUT 5 "WBWriteReg";
    .port_info 7 /OUTPUT 1 "WBRegWrite";
    .port_info 8 /OUTPUT 32 "WBwriteData";
v000001f384430540_0 .net "WBAluRes", 31 0, v000001f384431440_0;  1 drivers
v000001f3844305e0_0 .net "WBMemToReg", 0 0, v000001f384430400_0;  1 drivers
v000001f384431300_0 .net "WBReadData", 31 0, v000001f384430cc0_0;  1 drivers
v000001f384431580_0 .var "WBRegWrite", 0 0;
v000001f384431120_0 .var "WBWriteReg", 4 0;
v000001f384430680_0 .net "WBiRegWrite", 0 0, v000001f3844304a0_0;  1 drivers
v000001f3844313a0_0 .net "WBiWriteReg", 4 0, v000001f384430d60_0;  1 drivers
v000001f384430720_0 .var "WBwriteData", 31 0;
v000001f384431620_0 .net "clk", 0 0, o000001f384440148;  alias, 0 drivers
S_000001f38433e530 .scope module, "datstall1" "datastall" 2 20, 12 1 0, S_000001f3843dbd00;
 .timescale 0 0;
    .port_info 0 /INPUT 1 "clk";
    .port_info 1 /INPUT 5 "RSID";
    .port_info 2 /INPUT 5 "RTID";
    .port_info 3 /INPUT 6 "opcode";
    .port_info 4 /INPUT 32 "instructionID";
    .port_info 5 /INPUT 32 "instructionEX";
    .port_info 6 /INPUT 32 "instructionMEM";
    .port_info 7 /INPUT 5 "writeReg";
    .port_info 8 /INPUT 1 "RegWrite";
    .port_info 9 /INPUT 32 "instructionWB";
    .port_info 10 /OUTPUT 1 "stall";
    .port_info 11 /OUTPUT 32 "instructionIDstall";
v000001f3844307c0_0 .net "RSID", 4 0, L_000001f3844378d0;  1 drivers
v000001f384434380_0 .net "RTID", 4 0, L_000001f384436750;  1 drivers
v000001f384435aa0_0 .net "RegWrite", 0 0, v000001f3844304a0_0;  alias, 1 drivers
v000001f384434ce0_0 .net "clk", 0 0, o000001f384440148;  alias, 0 drivers
v000001f384435500_0 .net "instructionEX", 31 0, v000001f38442e7b0_0;  alias, 1 drivers
v000001f384435b40_0 .net "instructionID", 31 0, v000001f3844320c0_0;  1 drivers
v000001f384434c40_0 .var "instructionIDstall", 31 0;
o000001f384442128 .functor BUFZ 32, C4<zzzzzzzzzzzzzzzzzzzzzzzzzzzzzzzz>; HiZ drive
v000001f384435820_0 .net "instructionMEM", 31 0, o000001f384442128;  0 drivers
v000001f3844355a0_0 .net "instructionWB", 31 0, v000001f3844314e0_0;  1 drivers
v000001f384435be0_0 .var "isRsValid", 0 0;
v000001f384434920_0 .var "isRtValid", 0 0;
v000001f384434420_0 .var "isSvalid1", 4 0;
v000001f3844344c0_0 .var "isSvalid2", 4 0;
v000001f3844358c0_0 .var "isSvalid3", 4 0;
v000001f384434b00_0 .var "isWvalid1", 0 0;
v000001f3844350a0_0 .var "isWvalid2", 0 0;
v000001f3844356e0_0 .var "isWvalid3", 0 0;
v000001f384435460_0 .net "opcode", 5 0, L_000001f384437150;  1 drivers
v000001f384435960_0 .var "stall", 0 0;
v000001f384435f00_0 .net "writeReg", 4 0, v000001f384430d60_0;  alias, 1 drivers
S_000001f38433e6c0 .scope module, "sd" "sharedData" 2 14, 13 1 0, S_000001f3843dbd00;
 .timescale 0 0;
v000001f384434ba0_0 .net "ALUres", 31 0, v000001f384419120_0;  alias, 1 drivers
v000001f384434560_0 .net "ALUresDM", 31 0, v000001f384418cc0_0;  alias, 1 drivers
v000001f384436180_0 .net "AluCtrl", 3 0, v000001f38442ea30_0;  alias, 1 drivers
v000001f384435280_0 .net "DMMemRead", 0 0, v000001f384418f40_0;  alias, 1 drivers
v000001f384435a00_0 .net "DMMemToReg", 0 0, v000001f384418680_0;  alias, 1 drivers
v000001f384435640_0 .net "DMMemWrite", 0 0, v000001f3844191c0_0;  alias, 1 drivers
v000001f384434d80_0 .net "DMRead2", 31 0, v000001f3844187c0_0;  alias, 1 drivers
v000001f384434e20_0 .net "DMReadData", 31 0, v000001f3844309a0_0;  alias, 1 drivers
v000001f384435000_0 .net "DMRegWrite", 0 0, v000001f384418900_0;  1 drivers
v000001f384435e60_0 .net "DMwriteReg", 4 0, v000001f384418a40_0;  alias, 1 drivers
v000001f384434ec0_0 .net "EXAluCtrl", 3 0, v000001f38442ecb0_0;  alias, 1 drivers
v000001f384434f60_0 .net "EXMemRead", 0 0, v000001f38442f110_0;  alias, 1 drivers
v000001f384434a60_0 .net "EXMemToReg", 0 0, v000001f38442e5d0_0;  alias, 1 drivers
v000001f384435c80_0 .net "EXMemWrite", 0 0, v000001f38442f390_0;  alias, 1 drivers
v000001f384434600_0 .net "EXRead1", 31 0, v000001f38442e350_0;  alias, 1 drivers
v000001f384435140_0 .net "EXRead2", 31 0, v000001f38442e670_0;  alias, 1 drivers
v000001f3844346a0_0 .net "EXRegWrite", 0 0, v000001f38442ed50_0;  alias, 1 drivers
v000001f3844351e0_0 .net "EXsignEx", 31 0, v000001f38442fb10_0;  alias, 1 drivers
v000001f384434740_0 .net "EXwriteReg", 4 0, v000001f3844300b0_0;  alias, 1 drivers
v000001f384435fa0_0 .net "IDPC", 31 0, v000001f38442e530_0;  alias, 1 drivers
v000001f384435320_0 .net "IDpcSrc", 0 0, v000001f38442f6b0_0;  alias, 1 drivers
v000001f3844353c0_0 .net "MemRead", 0 0, v000001f38442ff70_0;  alias, 1 drivers
v000001f3844347e0_0 .net "MemToReg", 0 0, v000001f38442fbb0_0;  alias, 1 drivers
v000001f384436040_0 .net "MemWrite", 0 0, v000001f38442f1b0_0;  alias, 1 drivers
v000001f384435780_0 .net "RegDest", 0 0, v000001f384430010_0;  1 drivers
v000001f384434880_0 .net "RegWrite", 0 0, v000001f38442f9d0_0;  alias, 1 drivers
v000001f384435d20_0 .net "Stall", 0 0, v000001f384435960_0;  alias, 1 drivers
v000001f384435dc0_0 .net "WBAluRes", 31 0, v000001f384431440_0;  alias, 1 drivers
v000001f3844360e0_0 .net "WBMemRead", 0 0, v000001f384431f80_0;  1 drivers
v000001f384436220_0 .net "WBMemToReg", 0 0, v000001f384430400_0;  alias, 1 drivers
v000001f3844349c0_0 .net "WBMemWrite", 0 0, v000001f384432200_0;  1 drivers
v000001f3844380f0_0 .net "WBReadData", 31 0, v000001f384430cc0_0;  alias, 1 drivers
v000001f384436ed0_0 .net "WBRegWrite", 0 0, v000001f384431580_0;  alias, 1 drivers
v000001f384436e30_0 .net "WBWriteReg", 4 0, v000001f384431120_0;  alias, 1 drivers
v000001f384436890_0 .net "WBiRegWrite", 0 0, v000001f3844304a0_0;  alias, 1 drivers
v000001f384437650_0 .net "WBiWriteReg", 4 0, v000001f384430d60_0;  alias, 1 drivers
v000001f384436390_0 .net "WBwriteData", 31 0, v000001f384430720_0;  alias, 1 drivers
v000001f384437dd0_0 .net "instructionDM", 31 0, v000001f384418ae0_0;  alias, 1 drivers
v000001f384436930_0 .net "instructionEX", 31 0, v000001f38442e7b0_0;  alias, 1 drivers
v000001f384437d30_0 .net "instructionID", 31 0, v000001f3844320c0_0;  alias, 1 drivers
v000001f3844367f0_0 .net "instructionIDstall", 31 0, v000001f384434c40_0;  alias, 1 drivers
v000001f384438190_0 .net "instructionIF", 31 0, v000001f384431940_0;  alias, 1 drivers
v000001f384436b10_0 .net "instructionMEM", 31 0, o000001f384442128;  alias, 0 drivers
v000001f384437010_0 .net "instructionWB", 31 0, v000001f3844314e0_0;  alias, 1 drivers
v000001f3844370b0_0 .net "nextPC", 31 0, v000001f3844319e0_0;  1 drivers
v000001f384436610_0 .net "nextPCID", 31 0, v000001f384430860_0;  alias, 1 drivers
v000001f384437790_0 .net "nextPCIF", 31 0, o000001f384441738;  alias, 0 drivers
v000001f384436bb0_0 .net "rd1", 31 0, v000001f38442fd90_0;  alias, 1 drivers
v000001f384438230_0 .net "rd2", 31 0, v000001f38442edf0_0;  alias, 1 drivers
v000001f384436f70_0 .net "signEx", 31 0, v000001f38442f070_0;  alias, 1 drivers
v000001f384437470_0 .net "writeReg", 4 0, v000001f38442fe30_0;  alias, 1 drivers
v000001f384436430_0 .net "zero", 0 0, v000001f3844189a0_0;  1 drivers
L_000001f3844378d0 .part v000001f3844320c0_0, 21, 5;
L_000001f384436750 .part v000001f3844320c0_0, 16, 5;
L_000001f384437150 .part v000001f3844320c0_0, 26, 6;
    .scope S_000001f3843d9570;
T_0 ;
    %pushi/vec4 0, 0, 32;
    %store/vec4 v000001f384430c20_0, 0, 32;
    %vpi_call 7 13 "$readmemb", "A_bin.txt", v000001f384430ea0 {0 0 0};
    %pushi/vec4 4, 0, 32;
    %store/vec4 v000001f3844319e0_0, 0, 32;
    %end;
    .thread T_0;
    .scope S_000001f3843d9570;
T_1 ;
    %wait E_000001f3844073c0;
    %load/vec4 v000001f384432020_0;
    %nor/r;
    %flag_set/vec4 8;
    %jmp/0xz  T_1.0, 8;
    %pushi/vec4 0, 0, 32;
    %store/vec4 v000001f384431940_0, 0, 32;
    %load/vec4 v000001f384431760_0;
    %flag_set/vec4 8;
    %jmp/0xz  T_1.2, 8;
    %load/vec4 v000001f384419080_0;
    %store/vec4 v000001f384430c20_0, 0, 32;
T_1.2 ;
    %load/vec4 v000001f384430c20_0;
    %store/vec4 v000001f384431800_0, 0, 32;
T_1.4 ;
    %load/vec4 v000001f384431800_0;
    %load/vec4 v000001f384430c20_0;
    %addi 4, 0, 32;
    %cmp/u;
    %jmp/0xz T_1.5, 5;
    %load/vec4 v000001f384431940_0;
    %ix/load 4, 8, 0;
    %flag_set/imm 4, 0;
    %shiftl 4;
    %ix/getv/s 4, v000001f384431800_0;
    %load/vec4a v000001f384430ea0, 4;
    %pad/u 32;
    %add;
    %store/vec4 v000001f384431940_0, 0, 32;
    %load/vec4 v000001f384431800_0;
    %addi 1, 0, 32;
    %store/vec4 v000001f384431800_0, 0, 32;
    %jmp T_1.4;
T_1.5 ;
    %load/vec4 v000001f384430c20_0;
    %addi 4, 0, 32;
    %store/vec4 v000001f384430c20_0, 0, 32;
    %load/vec4 v000001f384430c20_0;
    %store/vec4 v000001f3844319e0_0, 0, 32;
T_1.0 ;
    %jmp T_1;
    .thread T_1;
    .scope S_000001f3843d6ec0;
T_2 ;
    %pushi/vec4 0, 0, 32;
    %store/vec4 v000001f3844320c0_0, 0, 32;
    %end;
    .thread T_2;
    .scope S_000001f3843d6ec0;
T_3 ;
    %wait E_000001f3844073c0;
    %load/vec4 v000001f384431bc0_0;
    %nor/r;
    %flag_set/vec4 8;
    %jmp/0xz  T_3.0, 8;
    %load/vec4 v000001f384430900_0;
    %store/vec4 v000001f384430860_0, 0, 32;
    %load/vec4 v000001f384430f40_0;
    %store/vec4 v000001f3844320c0_0, 0, 32;
T_3.0 ;
    %jmp T_3;
    .thread T_3;
    .scope S_000001f38433e530;
T_4 ;
    %pushi/vec4 0, 0, 1;
    %store/vec4 v000001f384435960_0, 0, 1;
    %pushi/vec4 0, 0, 1;
    %store/vec4 v000001f384434b00_0, 0, 1;
    %pushi/vec4 0, 0, 1;
    %store/vec4 v000001f3844350a0_0, 0, 1;
    %pushi/vec4 0, 0, 1;
    %store/vec4 v000001f3844356e0_0, 0, 1;
    %pushi/vec4 0, 0, 1;
    %store/vec4 v000001f384435be0_0, 0, 1;
    %pushi/vec4 0, 0, 1;
    %store/vec4 v000001f384434920_0, 0, 1;
    %end;
    .thread T_4;
    .scope S_000001f38433e530;
T_5 ;
    %wait E_000001f3844073c0;
    %load/vec4 v000001f384435b40_0;
    %cmpi/ne 0, 0, 32;
    %jmp/0xz  T_5.0, 4;
    %load/vec4 v000001f384435460_0;
    %dup/vec4;
    %pushi/vec4 0, 0, 6;
    %cmp/u;
    %jmp/1 T_5.2, 6;
    %dup/vec4;
    %pushi/vec4 35, 0, 6;
    %cmp/u;
    %jmp/1 T_5.3, 6;
    %dup/vec4;
    %pushi/vec4 43, 0, 6;
    %cmp/u;
    %jmp/1 T_5.4, 6;
    %dup/vec4;
    %pushi/vec4 2, 0, 6;
    %cmp/u;
    %jmp/1 T_5.5, 6;
    %dup/vec4;
    %pushi/vec4 4, 0, 6;
    %cmp/u;
    %jmp/1 T_5.6, 6;
    %dup/vec4;
    %pushi/vec4 5, 0, 6;
    %cmp/u;
    %jmp/1 T_5.7, 6;
    %pushi/vec4 1, 0, 1;
    %store/vec4 v000001f384435be0_0, 0, 1;
    %pushi/vec4 0, 0, 1;
    %store/vec4 v000001f384434920_0, 0, 1;
    %jmp T_5.9;
T_5.2 ;
    %pushi/vec4 1, 0, 1;
    %store/vec4 v000001f384435be0_0, 0, 1;
    %pushi/vec4 1, 0, 1;
    %store/vec4 v000001f384434920_0, 0, 1;
    %jmp T_5.9;
T_5.3 ;
    %pushi/vec4 1, 0, 1;
    %store/vec4 v000001f384435be0_0, 0, 1;
    %pushi/vec4 0, 0, 1;
    %store/vec4 v000001f384434920_0, 0, 1;
    %jmp T_5.9;
T_5.4 ;
    %pushi/vec4 1, 0, 1;
    %store/vec4 v000001f384435be0_0, 0, 1;
    %pushi/vec4 1, 0, 1;
    %store/vec4 v000001f384434920_0, 0, 1;
    %jmp T_5.9;
T_5.5 ;
    %pushi/vec4 0, 0, 1;
    %store/vec4 v000001f384435be0_0, 0, 1;
    %pushi/vec4 0, 0, 1;
    %store/vec4 v000001f384434920_0, 0, 1;
    %jmp T_5.9;
T_5.6 ;
    %pushi/vec4 1, 0, 1;
    %store/vec4 v000001f384435be0_0, 0, 1;
    %pushi/vec4 1, 0, 1;
    %store/vec4 v000001f384434920_0, 0, 1;
    %jmp T_5.9;
T_5.7 ;
    %pushi/vec4 1, 0, 1;
    %store/vec4 v000001f384435be0_0, 0, 1;
    %pushi/vec4 1, 0, 1;
    %store/vec4 v000001f384434920_0, 0, 1;
    %jmp T_5.9;
T_5.9 ;
    %pop/vec4 1;
    %jmp T_5.1;
T_5.0 ;
    %pushi/vec4 0, 0, 1;
    %store/vec4 v000001f384435be0_0, 0, 1;
    %pushi/vec4 0, 0, 1;
    %store/vec4 v000001f384434920_0, 0, 1;
T_5.1 ;
    %load/vec4 v000001f384435500_0;
    %cmpi/ne 0, 0, 32;
    %jmp/0xz  T_5.10, 4;
    %load/vec4 v000001f384435500_0;
    %parti/s 6, 26, 6;
    %dup/vec4;
    %pushi/vec4 0, 0, 6;
    %cmp/u;
    %jmp/1 T_5.12, 6;
    %dup/vec4;
    %pushi/vec4 35, 0, 6;
    %cmp/u;
    %jmp/1 T_5.13, 6;
    %dup/vec4;
    %pushi/vec4 43, 0, 6;
    %cmp/u;
    %jmp/1 T_5.14, 6;
    %dup/vec4;
    %pushi/vec4 2, 0, 6;
    %cmp/u;
    %jmp/1 T_5.15, 6;
    %dup/vec4;
    %pushi/vec4 4, 0, 6;
    %cmp/u;
    %jmp/1 T_5.16, 6;
    %dup/vec4;
    %pushi/vec4 5, 0, 6;
    %cmp/u;
    %jmp/1 T_5.17, 6;
    %pushi/vec4 1, 0, 1;
    %store/vec4 v000001f384434b00_0, 0, 1;
    %load/vec4 v000001f384435500_0;
    %parti/s 5, 16, 6;
    %store/vec4 v000001f384434420_0, 0, 5;
    %jmp T_5.19;
T_5.12 ;
    %pushi/vec4 1, 0, 1;
    %store/vec4 v000001f384434b00_0, 0, 1;
    %load/vec4 v000001f384435500_0;
    %parti/s 5, 11, 5;
    %store/vec4 v000001f384434420_0, 0, 5;
    %jmp T_5.19;
T_5.13 ;
    %pushi/vec4 1, 0, 1;
    %store/vec4 v000001f384434b00_0, 0, 1;
    %load/vec4 v000001f384435500_0;
    %parti/s 5, 16, 6;
    %store/vec4 v000001f384434420_0, 0, 5;
    %jmp T_5.19;
T_5.14 ;
    %pushi/vec4 0, 0, 1;
    %store/vec4 v000001f384434b00_0, 0, 1;
    %pushi/vec4 0, 0, 5;
    %store/vec4 v000001f384434420_0, 0, 5;
    %jmp T_5.19;
T_5.15 ;
    %pushi/vec4 0, 0, 1;
    %store/vec4 v000001f384434b00_0, 0, 1;
    %pushi/vec4 0, 0, 5;
    %store/vec4 v000001f384434420_0, 0, 5;
    %jmp T_5.19;
T_5.16 ;
    %pushi/vec4 0, 0, 1;
    %store/vec4 v000001f384434b00_0, 0, 1;
    %pushi/vec4 0, 0, 5;
    %store/vec4 v000001f384434420_0, 0, 5;
    %jmp T_5.19;
T_5.17 ;
    %pushi/vec4 0, 0, 1;
    %store/vec4 v000001f384434b00_0, 0, 1;
    %pushi/vec4 0, 0, 5;
    %store/vec4 v000001f384434420_0, 0, 5;
    %jmp T_5.19;
T_5.19 ;
    %pop/vec4 1;
    %jmp T_5.11;
T_5.10 ;
    %pushi/vec4 0, 0, 1;
    %store/vec4 v000001f384434b00_0, 0, 1;
T_5.11 ;
    %load/vec4 v000001f384435820_0;
    %cmpi/ne 0, 0, 32;
    %jmp/0xz  T_5.20, 4;
    %load/vec4 v000001f384435820_0;
    %parti/s 6, 26, 6;
    %dup/vec4;
    %pushi/vec4 0, 0, 6;
    %cmp/u;
    %jmp/1 T_5.22, 6;
    %dup/vec4;
    %pushi/vec4 35, 0, 6;
    %cmp/u;
    %jmp/1 T_5.23, 6;
    %dup/vec4;
    %pushi/vec4 43, 0, 6;
    %cmp/u;
    %jmp/1 T_5.24, 6;
    %dup/vec4;
    %pushi/vec4 2, 0, 6;
    %cmp/u;
    %jmp/1 T_5.25, 6;
    %dup/vec4;
    %pushi/vec4 4, 0, 6;
    %cmp/u;
    %jmp/1 T_5.26, 6;
    %dup/vec4;
    %pushi/vec4 5, 0, 6;
    %cmp/u;
    %jmp/1 T_5.27, 6;
    %pushi/vec4 1, 0, 1;
    %store/vec4 v000001f3844350a0_0, 0, 1;
    %load/vec4 v000001f384435500_0;
    %parti/s 5, 16, 6;
    %store/vec4 v000001f3844344c0_0, 0, 5;
    %jmp T_5.29;
T_5.22 ;
    %pushi/vec4 1, 0, 1;
    %store/vec4 v000001f3844350a0_0, 0, 1;
    %load/vec4 v000001f384435500_0;
    %parti/s 5, 11, 5;
    %store/vec4 v000001f3844344c0_0, 0, 5;
    %jmp T_5.29;
T_5.23 ;
    %pushi/vec4 1, 0, 1;
    %store/vec4 v000001f3844350a0_0, 0, 1;
    %load/vec4 v000001f384435500_0;
    %parti/s 5, 16, 6;
    %store/vec4 v000001f3844344c0_0, 0, 5;
    %jmp T_5.29;
T_5.24 ;
    %pushi/vec4 0, 0, 1;
    %store/vec4 v000001f3844350a0_0, 0, 1;
    %pushi/vec4 0, 0, 5;
    %store/vec4 v000001f3844344c0_0, 0, 5;
    %jmp T_5.29;
T_5.25 ;
    %pushi/vec4 0, 0, 1;
    %store/vec4 v000001f3844350a0_0, 0, 1;
    %pushi/vec4 0, 0, 5;
    %store/vec4 v000001f3844344c0_0, 0, 5;
    %jmp T_5.29;
T_5.26 ;
    %pushi/vec4 0, 0, 1;
    %store/vec4 v000001f3844350a0_0, 0, 1;
    %pushi/vec4 0, 0, 5;
    %store/vec4 v000001f3844344c0_0, 0, 5;
    %jmp T_5.29;
T_5.27 ;
    %pushi/vec4 0, 0, 1;
    %store/vec4 v000001f3844350a0_0, 0, 1;
    %pushi/vec4 0, 0, 5;
    %store/vec4 v000001f3844344c0_0, 0, 5;
    %jmp T_5.29;
T_5.29 ;
    %pop/vec4 1;
    %jmp T_5.21;
T_5.20 ;
    %pushi/vec4 0, 0, 1;
    %store/vec4 v000001f3844350a0_0, 0, 1;
T_5.21 ;
    %load/vec4 v000001f3844355a0_0;
    %cmpi/ne 0, 0, 32;
    %jmp/0xz  T_5.30, 4;
    %load/vec4 v000001f384435aa0_0;
    %store/vec4 v000001f3844356e0_0, 0, 1;
    %load/vec4 v000001f384435f00_0;
    %store/vec4 v000001f3844358c0_0, 0, 5;
    %jmp T_5.31;
T_5.30 ;
    %pushi/vec4 0, 0, 1;
    %store/vec4 v000001f3844356e0_0, 0, 1;
T_5.31 ;
    %load/vec4 v000001f3844307c0_0;
    %load/vec4 v000001f384434420_0;
    %cmp/e;
    %flag_get/vec4 4;
    %load/vec4 v000001f384434b00_0;
    %and;
    %flag_set/vec4 9;
    %flag_get/vec4 9;
    %jmp/0 T_5.34, 9;
    %load/vec4 v000001f384435be0_0;
    %pad/u 32;
    %pushi/vec4 1, 0, 32;
    %cmp/e;
    %flag_get/vec4 4;
    %and;
T_5.34;
    %flag_set/vec4 8;
    %jmp/0xz  T_5.32, 8;
    %pushi/vec4 1, 0, 1;
    %store/vec4 v000001f384435960_0, 0, 1;
    %jmp T_5.33;
T_5.32 ;
    %load/vec4 v000001f3844307c0_0;
    %load/vec4 v000001f3844344c0_0;
    %cmp/e;
    %flag_get/vec4 4;
    %load/vec4 v000001f3844350a0_0;
    %and;
    %flag_set/vec4 9;
    %flag_get/vec4 9;
    %jmp/0 T_5.37, 9;
    %load/vec4 v000001f384435be0_0;
    %pad/u 32;
    %pushi/vec4 1, 0, 32;
    %cmp/e;
    %flag_get/vec4 4;
    %and;
T_5.37;
    %flag_set/vec4 8;
    %jmp/0xz  T_5.35, 8;
    %pushi/vec4 1, 0, 1;
    %store/vec4 v000001f384435960_0, 0, 1;
    %jmp T_5.36;
T_5.35 ;
    %load/vec4 v000001f3844307c0_0;
    %load/vec4 v000001f3844358c0_0;
    %cmp/e;
    %flag_get/vec4 4;
    %load/vec4 v000001f3844356e0_0;
    %and;
    %flag_set/vec4 9;
    %flag_get/vec4 9;
    %jmp/0 T_5.40, 9;
    %load/vec4 v000001f384435be0_0;
    %pad/u 32;
    %pushi/vec4 1, 0, 32;
    %cmp/e;
    %flag_get/vec4 4;
    %and;
T_5.40;
    %flag_set/vec4 8;
    %jmp/0xz  T_5.38, 8;
    %pushi/vec4 1, 0, 1;
    %store/vec4 v000001f384435960_0, 0, 1;
    %jmp T_5.39;
T_5.38 ;
    %load/vec4 v000001f384434380_0;
    %load/vec4 v000001f384434420_0;
    %cmp/e;
    %flag_get/vec4 4;
    %load/vec4 v000001f384434b00_0;
    %and;
    %flag_set/vec4 9;
    %flag_get/vec4 9;
    %jmp/0 T_5.43, 9;
    %load/vec4 v000001f384435be0_0;
    %pad/u 32;
    %pushi/vec4 1, 0, 32;
    %cmp/e;
    %flag_get/vec4 4;
    %and;
T_5.43;
    %flag_set/vec4 8;
    %jmp/0xz  T_5.41, 8;
    %pushi/vec4 1, 0, 1;
    %store/vec4 v000001f384435960_0, 0, 1;
    %jmp T_5.42;
T_5.41 ;
    %load/vec4 v000001f384434380_0;
    %load/vec4 v000001f3844344c0_0;
    %cmp/e;
    %flag_get/vec4 4;
    %load/vec4 v000001f3844350a0_0;
    %and;
    %flag_set/vec4 9;
    %flag_get/vec4 9;
    %jmp/0 T_5.46, 9;
    %load/vec4 v000001f384435be0_0;
    %pad/u 32;
    %pushi/vec4 1, 0, 32;
    %cmp/e;
    %flag_get/vec4 4;
    %and;
T_5.46;
    %flag_set/vec4 8;
    %jmp/0xz  T_5.44, 8;
    %pushi/vec4 1, 0, 1;
    %store/vec4 v000001f384435960_0, 0, 1;
    %jmp T_5.45;
T_5.44 ;
    %load/vec4 v000001f384434380_0;
    %load/vec4 v000001f3844358c0_0;
    %cmp/e;
    %flag_get/vec4 4;
    %load/vec4 v000001f3844356e0_0;
    %and;
    %flag_set/vec4 9;
    %flag_get/vec4 9;
    %jmp/0 T_5.49, 9;
    %load/vec4 v000001f384435be0_0;
    %pad/u 32;
    %pushi/vec4 1, 0, 32;
    %cmp/e;
    %flag_get/vec4 4;
    %and;
T_5.49;
    %flag_set/vec4 8;
    %jmp/0xz  T_5.47, 8;
    %pushi/vec4 1, 0, 1;
    %store/vec4 v000001f384435960_0, 0, 1;
    %jmp T_5.48;
T_5.47 ;
    %pushi/vec4 0, 0, 1;
    %store/vec4 v000001f384435960_0, 0, 1;
T_5.48 ;
T_5.45 ;
T_5.42 ;
T_5.39 ;
T_5.36 ;
T_5.33 ;
    %load/vec4 v000001f384435960_0;
    %pad/u 32;
    %cmpi/e 0, 0, 32;
    %jmp/0xz  T_5.50, 4;
    %load/vec4 v000001f384435b40_0;
    %store/vec4 v000001f384434c40_0, 0, 32;
    %jmp T_5.51;
T_5.50 ;
    %pushi/vec4 0, 0, 32;
    %store/vec4 v000001f384434c40_0, 0, 32;
T_5.51 ;
    %jmp T_5;
    .thread T_5;
    .scope S_000001f38438a910;
T_6 ;
    %pushi/vec4 0, 0, 1;
    %store/vec4 v000001f38442ead0_0, 0, 1;
    %pushi/vec4 0, 0, 32;
    %store/vec4 v000001f38442f7f0_0, 0, 32;
    %pushi/vec4 0, 0, 32;
    %store/vec4 v000001f38442f930_0, 0, 32;
    %pushi/vec4 0, 0, 32;
    %store/vec4 v000001f38442e850_0, 0, 32;
    %pushi/vec4 0, 0, 32;
    %store/vec4 v000001f38442eb70_0, 0, 32;
T_6.0 ;
    %load/vec4 v000001f38442eb70_0;
    %cmpi/s 32, 0, 32;
    %jmp/0xz T_6.1, 5;
    %load/vec4 v000001f38442eb70_0;
    %ix/getv/s 3, v000001f38442eb70_0;
    %ix/load 4, 0, 0; Constant delay
    %assign/vec4/a/d v000001f38442ee90, 0, 4;
    %load/vec4 v000001f38442eb70_0;
    %addi 1, 0, 32;
    %store/vec4 v000001f38442eb70_0, 0, 32;
    %jmp T_6.0;
T_6.1 ;
    %end;
    .thread T_6;
    .scope S_000001f38438a910;
T_7 ;
    %wait E_000001f3844073c0;
    %pushi/vec4 0, 0, 1;
    %store/vec4 v000001f38442ead0_0, 0, 1;
    %pushi/vec4 0, 0, 1;
    %store/vec4 v000001f38442e3f0_0, 0, 1;
    %pushi/vec4 0, 0, 1;
    %store/vec4 v000001f38442f6b0_0, 0, 1;
    %load/vec4 v000001f38442fcf0_0;
    %cmpi/e 0, 0, 32;
    %jmp/0xz  T_7.0, 4;
    %pushi/vec4 0, 0, 4;
    %assign/vec4 v000001f38442ea30_0, 0;
    %pushi/vec4 0, 0, 1;
    %assign/vec4 v000001f384430010_0, 0;
    %pushi/vec4 0, 0, 1;
    %assign/vec4 v000001f38442f9d0_0, 0;
    %pushi/vec4 0, 0, 1;
    %assign/vec4 v000001f38442f750_0, 0;
    %pushi/vec4 0, 0, 1;
    %assign/vec4 v000001f38442ff70_0, 0;
    %pushi/vec4 0, 0, 1;
    %assign/vec4 v000001f38442f1b0_0, 0;
    %pushi/vec4 0, 0, 1;
    %assign/vec4 v000001f38442fbb0_0, 0;
    %pushi/vec4 0, 0, 1;
    %assign/vec4 v000001f38442ef30_0, 0;
    %pushi/vec4 0, 0, 1;
    %assign/vec4 v000001f38442efd0_0, 0;
    %pushi/vec4 0, 0, 1;
    %assign/vec4 v000001f38442ead0_0, 0;
    %jmp T_7.1;
T_7.0 ;
    %load/vec4 v000001f38442fcf0_0;
    %parti/s 6, 26, 6;
    %dup/vec4;
    %pushi/vec4 0, 0, 6;
    %cmp/u;
    %jmp/1 T_7.2, 6;
    %dup/vec4;
    %pushi/vec4 35, 0, 6;
    %cmp/u;
    %jmp/1 T_7.3, 6;
    %dup/vec4;
    %pushi/vec4 43, 0, 6;
    %cmp/u;
    %jmp/1 T_7.4, 6;
    %dup/vec4;
    %pushi/vec4 2, 0, 6;
    %cmp/u;
    %jmp/1 T_7.5, 6;
    %dup/vec4;
    %pushi/vec4 4, 0, 6;
    %cmp/u;
    %jmp/1 T_7.6, 6;
    %dup/vec4;
    %pushi/vec4 5, 0, 6;
    %cmp/u;
    %jmp/1 T_7.7, 6;
    %dup/vec4;
    %pushi/vec4 8, 0, 6;
    %cmp/u;
    %jmp/1 T_7.8, 6;
    %jmp T_7.9;
T_7.2 ;
    %pushi/vec4 1, 0, 1;
    %assign/vec4 v000001f384430010_0, 0;
    %pushi/vec4 1, 0, 1;
    %assign/vec4 v000001f38442f9d0_0, 0;
    %pushi/vec4 0, 0, 1;
    %assign/vec4 v000001f38442f750_0, 0;
    %pushi/vec4 0, 0, 1;
    %assign/vec4 v000001f38442ff70_0, 0;
    %pushi/vec4 0, 0, 1;
    %assign/vec4 v000001f38442f1b0_0, 0;
    %pushi/vec4 0, 0, 1;
    %assign/vec4 v000001f38442fbb0_0, 0;
    %pushi/vec4 0, 0, 1;
    %assign/vec4 v000001f38442ef30_0, 0;
    %pushi/vec4 0, 0, 1;
    %assign/vec4 v000001f38442efd0_0, 0;
    %pushi/vec4 0, 0, 1;
    %assign/vec4 v000001f38442ead0_0, 0;
    %load/vec4 v000001f38442fcf0_0;
    %parti/s 6, 0, 2;
    %dup/vec4;
    %pushi/vec4 32, 0, 6;
    %cmp/u;
    %jmp/1 T_7.10, 6;
    %dup/vec4;
    %pushi/vec4 34, 0, 6;
    %cmp/u;
    %jmp/1 T_7.11, 6;
    %dup/vec4;
    %pushi/vec4 26, 0, 6;
    %cmp/u;
    %jmp/1 T_7.12, 6;
    %dup/vec4;
    %pushi/vec4 37, 0, 6;
    %cmp/u;
    %jmp/1 T_7.13, 6;
    %dup/vec4;
    %pushi/vec4 38, 0, 6;
    %cmp/u;
    %jmp/1 T_7.14, 6;
    %dup/vec4;
    %pushi/vec4 36, 0, 6;
    %cmp/u;
    %jmp/1 T_7.15, 6;
    %jmp T_7.16;
T_7.10 ;
    %pushi/vec4 2, 0, 4;
    %assign/vec4 v000001f38442ea30_0, 0;
    %jmp T_7.16;
T_7.11 ;
    %pushi/vec4 6, 0, 4;
    %assign/vec4 v000001f38442ea30_0, 0;
    %jmp T_7.16;
T_7.12 ;
    %pushi/vec4 5, 0, 4;
    %assign/vec4 v000001f38442ea30_0, 0;
    %jmp T_7.16;
T_7.13 ;
    %pushi/vec4 1, 0, 4;
    %assign/vec4 v000001f38442ea30_0, 0;
    %jmp T_7.16;
T_7.14 ;
    %pushi/vec4 15, 0, 4;
    %assign/vec4 v000001f38442ea30_0, 0;
    %jmp T_7.16;
T_7.15 ;
    %pushi/vec4 0, 0, 4;
    %assign/vec4 v000001f38442ea30_0, 0;
    %jmp T_7.16;
T_7.16 ;
    %pop/vec4 1;
    %jmp T_7.9;
T_7.3 ;
    %pushi/vec4 0, 0, 1;
    %assign/vec4 v000001f384430010_0, 0;
    %pushi/vec4 1, 0, 1;
    %assign/vec4 v000001f38442f9d0_0, 0;
    %pushi/vec4 1, 0, 1;
    %assign/vec4 v000001f38442f750_0, 0;
    %pushi/vec4 1, 0, 1;
    %assign/vec4 v000001f38442ff70_0, 0;
    %pushi/vec4 0, 0, 1;
    %assign/vec4 v000001f38442f1b0_0, 0;
    %pushi/vec4 1, 0, 1;
    %assign/vec4 v000001f38442fbb0_0, 0;
    %pushi/vec4 0, 0, 1;
    %assign/vec4 v000001f38442ef30_0, 0;
    %pushi/vec4 0, 0, 1;
    %assign/vec4 v000001f38442efd0_0, 0;
    %pushi/vec4 0, 0, 1;
    %assign/vec4 v000001f38442ead0_0, 0;
    %pushi/vec4 2, 0, 4;
    %assign/vec4 v000001f38442ea30_0, 0;
    %jmp T_7.9;
T_7.4 ;
    %pushi/vec4 1, 1, 1;
    %assign/vec4 v000001f384430010_0, 0;
    %pushi/vec4 0, 0, 1;
    %assign/vec4 v000001f38442f9d0_0, 0;
    %pushi/vec4 1, 0, 1;
    %assign/vec4 v000001f38442f750_0, 0;
    %pushi/vec4 0, 0, 1;
    %assign/vec4 v000001f38442ff70_0, 0;
    %pushi/vec4 1, 0, 1;
    %assign/vec4 v000001f38442f1b0_0, 0;
    %pushi/vec4 1, 1, 1;
    %assign/vec4 v000001f38442fbb0_0, 0;
    %pushi/vec4 0, 0, 1;
    %assign/vec4 v000001f38442ef30_0, 0;
    %pushi/vec4 0, 0, 1;
    %assign/vec4 v000001f38442efd0_0, 0;
    %pushi/vec4 0, 0, 1;
    %assign/vec4 v000001f38442ead0_0, 0;
    %pushi/vec4 2, 0, 4;
    %assign/vec4 v000001f38442ea30_0, 0;
    %jmp T_7.9;
T_7.5 ;
    %pushi/vec4 1, 1, 1;
    %assign/vec4 v000001f384430010_0, 0;
    %pushi/vec4 0, 0, 1;
    %assign/vec4 v000001f38442f9d0_0, 0;
    %pushi/vec4 1, 1, 1;
    %assign/vec4 v000001f38442f750_0, 0;
    %pushi/vec4 1, 1, 1;
    %assign/vec4 v000001f38442ff70_0, 0;
    %pushi/vec4 0, 0, 1;
    %assign/vec4 v000001f38442f1b0_0, 0;
    %pushi/vec4 1, 1, 1;
    %assign/vec4 v000001f38442fbb0_0, 0;
    %pushi/vec4 1, 1, 1;
    %assign/vec4 v000001f38442ef30_0, 0;
    %pushi/vec4 1, 1, 1;
    %assign/vec4 v000001f38442efd0_0, 0;
    %pushi/vec4 1, 0, 1;
    %assign/vec4 v000001f38442ead0_0, 0;
    %jmp T_7.9;
T_7.6 ;
    %pushi/vec4 1, 1, 1;
    %assign/vec4 v000001f384430010_0, 0;
    %pushi/vec4 0, 0, 1;
    %assign/vec4 v000001f38442f9d0_0, 0;
    %pushi/vec4 0, 0, 1;
    %assign/vec4 v000001f38442f750_0, 0;
    %pushi/vec4 0, 0, 1;
    %assign/vec4 v000001f38442ff70_0, 0;
    %pushi/vec4 0, 0, 1;
    %assign/vec4 v000001f38442f1b0_0, 0;
    %pushi/vec4 1, 1, 1;
    %assign/vec4 v000001f38442fbb0_0, 0;
    %pushi/vec4 1, 0, 1;
    %assign/vec4 v000001f38442ef30_0, 0;
    %pushi/vec4 0, 0, 1;
    %assign/vec4 v000001f38442efd0_0, 0;
    %pushi/vec4 0, 0, 1;
    %assign/vec4 v000001f38442ead0_0, 0;
    %pushi/vec4 6, 0, 4;
    %assign/vec4 v000001f38442ea30_0, 0;
    %jmp T_7.9;
T_7.7 ;
    %pushi/vec4 6, 0, 4;
    %assign/vec4 v000001f38442ea30_0, 0;
    %pushi/vec4 1, 1, 1;
    %assign/vec4 v000001f384430010_0, 0;
    %pushi/vec4 0, 0, 1;
    %assign/vec4 v000001f38442f9d0_0, 0;
    %pushi/vec4 0, 0, 1;
    %assign/vec4 v000001f38442f750_0, 0;
    %pushi/vec4 0, 0, 1;
    %assign/vec4 v000001f38442ff70_0, 0;
    %pushi/vec4 0, 0, 1;
    %assign/vec4 v000001f38442f1b0_0, 0;
    %pushi/vec4 1, 1, 1;
    %assign/vec4 v000001f38442fbb0_0, 0;
    %pushi/vec4 1, 0, 1;
    %assign/vec4 v000001f38442efd0_0, 0;
    %pushi/vec4 0, 0, 1;
    %assign/vec4 v000001f38442ef30_0, 0;
    %pushi/vec4 0, 0, 1;
    %assign/vec4 v000001f38442ead0_0, 0;
    %jmp T_7.9;
T_7.8 ;
    %pushi/vec4 2, 0, 4;
    %assign/vec4 v000001f38442ea30_0, 0;
    %pushi/vec4 0, 0, 1;
    %assign/vec4 v000001f384430010_0, 0;
    %pushi/vec4 1, 0, 1;
    %assign/vec4 v000001f38442f9d0_0, 0;
    %pushi/vec4 1, 0, 1;
    %assign/vec4 v000001f38442f750_0, 0;
    %pushi/vec4 0, 0, 1;
    %assign/vec4 v000001f38442ff70_0, 0;
    %pushi/vec4 0, 0, 1;
    %assign/vec4 v000001f38442f1b0_0, 0;
    %pushi/vec4 0, 0, 1;
    %assign/vec4 v000001f38442fbb0_0, 0;
    %pushi/vec4 0, 0, 1;
    %assign/vec4 v000001f38442ef30_0, 0;
    %pushi/vec4 0, 0, 1;
    %assign/vec4 v000001f38442efd0_0, 0;
    %pushi/vec4 0, 0, 1;
    %assign/vec4 v000001f38442ead0_0, 0;
    %jmp T_7.9;
T_7.9 ;
    %pop/vec4 1;
T_7.1 ;
    %load/vec4 v000001f38442ef30_0;
    %load/vec4 v000001f38442efd0_0;
    %or;
    %store/vec4 v000001f38442e3f0_0, 0, 1;
    %load/vec4 v000001f384430010_0;
    %pad/u 32;
    %cmpi/e 1, 0, 32;
    %flag_mov 8, 4;
    %jmp/0 T_7.17, 8;
    %load/vec4 v000001f38442fcf0_0;
    %parti/s 5, 11, 5;
    %jmp/1 T_7.18, 8;
T_7.17 ; End of true expr.
    %load/vec4 v000001f38442fcf0_0;
    %parti/s 5, 16, 6;
    %jmp/0 T_7.18, 8;
 ; End of false expr.
    %blend;
T_7.18;
    %store/vec4 v000001f38442fe30_0, 0, 5;
    %load/vec4 v000001f38442fcf0_0;
    %parti/s 5, 21, 6;
    %pad/u 7;
    %ix/vec4 4;
    %load/vec4a v000001f38442ee90, 4;
    %assign/vec4 v000001f38442fd90_0, 0;
    %load/vec4 v000001f38442fcf0_0;
    %parti/s 5, 16, 6;
    %pad/u 7;
    %ix/vec4 4;
    %load/vec4a v000001f38442ee90, 4;
    %assign/vec4 v000001f38442edf0_0, 0;
    %load/vec4 v000001f38442fcf0_0;
    %parti/s 1, 15, 5;
    %replicate 16;
    %load/vec4 v000001f38442fcf0_0;
    %parti/s 16, 0, 2;
    %concat/vec4; draw_concat_vec4
    %store/vec4 v000001f38442e850_0, 0, 32;
    %load/vec4 v000001f38442f750_0;
    %flag_set/vec4 8;
    %jmp/0 T_7.19, 8;
    %load/vec4 v000001f38442e850_0;
    %jmp/1 T_7.20, 8;
T_7.19 ; End of true expr.
    %load/vec4 v000001f38442edf0_0;
    %jmp/0 T_7.20, 8;
 ; End of false expr.
    %blend;
T_7.20;
    %store/vec4 v000001f38442f070_0, 0, 32;
    %load/vec4 v000001f38442e490_0;
    %load/vec4 v000001f38442fcf0_0;
    %parti/s 1, 15, 5;
    %replicate 16;
    %load/vec4 v000001f38442fcf0_0;
    %parti/s 16, 0, 2;
    %concat/vec4; draw_concat_vec4
    %add;
    %subi 4, 0, 32;
    %store/vec4 v000001f38442f930_0, 0, 32;
    %pushi/vec4 0, 0, 4;
    %load/vec4 v000001f38442fcf0_0;
    %parti/s 26, 0, 2;
    %concat/vec4; draw_concat_vec4
    %concati/vec4 0, 0, 2;
    %store/vec4 v000001f38442f7f0_0, 0, 32;
    %load/vec4 v000001f38442ead0_0;
    %flag_set/vec4 8;
    %jmp/0 T_7.21, 8;
    %load/vec4 v000001f38442f7f0_0;
    %jmp/1 T_7.22, 8;
T_7.21 ; End of true expr.
    %load/vec4 v000001f38442fd90_0;
    %load/vec4 v000001f38442edf0_0;
    %cmp/e;
    %flag_get/vec4 4;
    %load/vec4 v000001f38442e3f0_0;
    %and;
    %flag_set/vec4 9;
    %jmp/0 T_7.23, 9;
    %load/vec4 v000001f38442f930_0;
    %jmp/1 T_7.24, 9;
T_7.23 ; End of true expr.
    %load/vec4 v000001f38442e490_0;
    %jmp/0 T_7.24, 9;
 ; End of false expr.
    %blend;
T_7.24;
    %jmp/0 T_7.22, 8;
 ; End of false expr.
    %blend;
T_7.22;
    %store/vec4 v000001f38442e530_0, 0, 32;
    %load/vec4 v000001f38442ead0_0;
    %load/vec4 v000001f38442e3f0_0;
    %load/vec4 v000001f38442fd90_0;
    %load/vec4 v000001f38442edf0_0;
    %cmp/e;
    %flag_get/vec4 4;
    %and;
    %or;
    %store/vec4 v000001f38442f6b0_0, 0, 1;
    %jmp T_7;
    .thread T_7;
    .scope S_000001f38438a910;
T_8 ;
    %wait E_000001f384407600;
    %load/vec4 v000001f384430150_0;
    %flag_set/vec4 8;
    %jmp/0xz  T_8.0, 8;
    %load/vec4 v000001f38442e990_0;
    %load/vec4 v000001f38442e8f0_0;
    %pad/u 7;
    %ix/vec4 3;
    %ix/load 4, 0, 0; Constant delay
    %assign/vec4/a/d v000001f38442ee90, 0, 4;
T_8.0 ;
    %jmp T_8;
    .thread T_8;
    .scope S_000001f3843d93e0;
T_9 ;
    %pushi/vec4 0, 0, 32;
    %store/vec4 v000001f38442e7b0_0, 0, 32;
    %end;
    .thread T_9;
    .scope S_000001f3843d93e0;
T_10 ;
    %wait E_000001f3844073c0;
    %load/vec4 v000001f38442fc50_0;
    %assign/vec4 v000001f38442f110_0, 0;
    %load/vec4 v000001f38442fed0_0;
    %assign/vec4 v000001f38442e5d0_0, 0;
    %load/vec4 v000001f38442f2f0_0;
    %assign/vec4 v000001f38442f390_0, 0;
    %load/vec4 v000001f3844301f0_0;
    %assign/vec4 v000001f38442ed50_0, 0;
    %load/vec4 v000001f38442f610_0;
    %assign/vec4 v000001f3844300b0_0, 0;
    %load/vec4 v000001f38442ec10_0;
    %assign/vec4 v000001f38442ecb0_0, 0;
    %load/vec4 v000001f38442f430_0;
    %assign/vec4 v000001f38442e7b0_0, 0;
    %load/vec4 v000001f38442f250_0;
    %assign/vec4 v000001f38442e350_0, 0;
    %load/vec4 v000001f38442f4d0_0;
    %assign/vec4 v000001f38442e670_0, 0;
    %load/vec4 v000001f38442f570_0;
    %assign/vec4 v000001f38442fb10_0, 0;
    %jmp T_10;
    .thread T_10;
    .scope S_000001f3843dbe90;
T_11 ;
    %wait E_000001f3844074c0;
    %load/vec4 v000001f384418540_0;
    %dup/vec4;
    %pushi/vec4 2, 0, 4;
    %cmp/u;
    %jmp/1 T_11.0, 6;
    %dup/vec4;
    %pushi/vec4 6, 0, 4;
    %cmp/u;
    %jmp/1 T_11.1, 6;
    %dup/vec4;
    %pushi/vec4 0, 0, 4;
    %cmp/u;
    %jmp/1 T_11.2, 6;
    %dup/vec4;
    %pushi/vec4 1, 0, 4;
    %cmp/u;
    %jmp/1 T_11.3, 6;
    %dup/vec4;
    %pushi/vec4 3, 0, 4;
    %cmp/u;
    %jmp/1 T_11.4, 6;
    %dup/vec4;
    %pushi/vec4 5, 0, 4;
    %cmp/u;
    %jmp/1 T_11.5, 6;
    %dup/vec4;
    %pushi/vec4 15, 0, 4;
    %cmp/u;
    %jmp/1 T_11.6, 6;
    %dup/vec4;
    %pushi/vec4 6, 0, 4;
    %cmp/u;
    %jmp/1 T_11.7, 6;
    %pushi/vec4 0, 0, 32;
    %store/vec4 v000001f384419120_0, 0, 32;
    %pushi/vec4 0, 0, 1;
    %store/vec4 v000001f3844189a0_0, 0, 1;
    %jmp T_11.9;
T_11.0 ;
    %load/vec4 v000001f384418d60_0;
    %load/vec4 v000001f384418ea0_0;
    %add;
    %store/vec4 v000001f384419120_0, 0, 32;
    %jmp T_11.9;
T_11.1 ;
    %load/vec4 v000001f384418d60_0;
    %load/vec4 v000001f384418ea0_0;
    %sub;
    %store/vec4 v000001f384419120_0, 0, 32;
    %jmp T_11.9;
T_11.2 ;
    %load/vec4 v000001f384418d60_0;
    %load/vec4 v000001f384418ea0_0;
    %and;
    %store/vec4 v000001f384419120_0, 0, 32;
    %jmp T_11.9;
T_11.3 ;
    %load/vec4 v000001f384418d60_0;
    %load/vec4 v000001f384418ea0_0;
    %or;
    %store/vec4 v000001f384419120_0, 0, 32;
    %jmp T_11.9;
T_11.4 ;
    %load/vec4 v000001f384418d60_0;
    %load/vec4 v000001f384418ea0_0;
    %mul;
    %store/vec4 v000001f384419120_0, 0, 32;
    %jmp T_11.9;
T_11.5 ;
    %load/vec4 v000001f384418d60_0;
    %load/vec4 v000001f384418ea0_0;
    %div;
    %store/vec4 v000001f384419120_0, 0, 32;
    %jmp T_11.9;
T_11.6 ;
    %load/vec4 v000001f384418d60_0;
    %load/vec4 v000001f384418ea0_0;
    %xor;
    %store/vec4 v000001f384419120_0, 0, 32;
    %jmp T_11.9;
T_11.7 ;
    %load/vec4 v000001f384418d60_0;
    %load/vec4 v000001f384418ea0_0;
    %cmp/e;
    %jmp/0xz  T_11.10, 4;
    %pushi/vec4 1, 0, 1;
    %store/vec4 v000001f3844189a0_0, 0, 1;
    %jmp T_11.11;
T_11.10 ;
    %pushi/vec4 0, 0, 1;
    %store/vec4 v000001f3844189a0_0, 0, 1;
T_11.11 ;
    %jmp T_11.9;
T_11.9 ;
    %pop/vec4 1;
    %jmp T_11;
    .thread T_11;
    .scope S_000001f38438a780;
T_12 ;
    %pushi/vec4 0, 0, 32;
    %store/vec4 v000001f384418ae0_0, 0, 32;
    %end;
    .thread T_12;
    .scope S_000001f38438a780;
T_13 ;
    %wait E_000001f3844073c0;
    %load/vec4 v000001f384418e00_0;
    %assign/vec4 v000001f384418f40_0, 0;
    %load/vec4 v000001f384418400_0;
    %assign/vec4 v000001f384418680_0, 0;
    %load/vec4 v000001f3844182c0_0;
    %assign/vec4 v000001f3844191c0_0, 0;
    %load/vec4 v000001f384418360_0;
    %assign/vec4 v000001f384418900_0, 0;
    %load/vec4 v000001f3844184a0_0;
    %assign/vec4 v000001f384418ae0_0, 0;
    %load/vec4 v000001f384418720_0;
    %assign/vec4 v000001f384418cc0_0, 0;
    %load/vec4 v000001f384418fe0_0;
    %assign/vec4 v000001f3844187c0_0, 0;
    %load/vec4 v000001f384418b80_0;
    %assign/vec4 v000001f384418a40_0, 0;
    %jmp T_13;
    .thread T_13;
    .scope S_000001f3843d7050;
T_14 ;
    %pushi/vec4 0, 0, 32;
    %store/vec4 v000001f384430360_0, 0, 32;
T_14.0 ;
    %load/vec4 v000001f384430360_0;
    %cmpi/s 2048, 0, 32;
    %jmp/0xz T_14.1, 5;
    %load/vec4 v000001f384430360_0;
    %ix/getv/s 3, v000001f384430360_0;
    %ix/load 4, 0, 0; Constant delay
    %assign/vec4/a/d v000001f384431260, 0, 4;
    %load/vec4 v000001f384430360_0;
    %addi 1, 0, 32;
    %store/vec4 v000001f384430360_0, 0, 32;
    %jmp T_14.0;
T_14.1 ;
    %end;
    .thread T_14;
    .scope S_000001f3843d7050;
T_15 ;
    %wait E_000001f3844073c0;
    %load/vec4 v000001f384431ee0_0;
    %flag_set/vec4 8;
    %jmp/0xz  T_15.0, 8;
    %load/vec4 v000001f3844309a0_0;
    %ix/getv 3, v000001f384430e00_0;
    %ix/load 4, 0, 0; Constant delay
    %assign/vec4/a/d v000001f384431260, 0, 4;
T_15.0 ;
    %ix/getv 4, v000001f384430e00_0;
    %load/vec4a v000001f384431260, 4;
    %assign/vec4 v000001f3844309a0_0, 0;
    %jmp T_15;
    .thread T_15;
    .scope S_000001f3843d5930;
T_16 ;
    %pushi/vec4 0, 0, 32;
    %store/vec4 v000001f3844314e0_0, 0, 32;
    %end;
    .thread T_16;
    .scope S_000001f3843d5930;
T_17 ;
    %wait E_000001f3844073c0;
    %load/vec4 v000001f384430b80_0;
    %assign/vec4 v000001f384431f80_0, 0;
    %load/vec4 v000001f384431a80_0;
    %assign/vec4 v000001f384432200_0, 0;
    %load/vec4 v000001f3844318a0_0;
    %assign/vec4 v000001f384430400_0, 0;
    %load/vec4 v000001f384431c60_0;
    %assign/vec4 v000001f3844304a0_0, 0;
    %load/vec4 v000001f384432160_0;
    %assign/vec4 v000001f384430d60_0, 0;
    %load/vec4 v000001f3844316c0_0;
    %assign/vec4 v000001f3844314e0_0, 0;
    %load/vec4 v000001f384431b20_0;
    %assign/vec4 v000001f384430cc0_0, 0;
    %load/vec4 v000001f384431da0_0;
    %assign/vec4 v000001f384431440_0, 0;
    %jmp T_17;
    .thread T_17;
    .scope S_000001f3843d5ac0;
T_18 ;
    %pushi/vec4 0, 0, 5;
    %store/vec4 v000001f384431120_0, 0, 5;
    %pushi/vec4 0, 0, 32;
    %store/vec4 v000001f384430720_0, 0, 32;
    %pushi/vec4 0, 0, 1;
    %store/vec4 v000001f384431580_0, 0, 1;
    %end;
    .thread T_18;
    .scope S_000001f3843d5ac0;
T_19 ;
    %wait E_000001f3844073c0;
    %load/vec4 v000001f3844313a0_0;
    %assign/vec4 v000001f384431120_0, 0;
    %load/vec4 v000001f384430680_0;
    %assign/vec4 v000001f384431580_0, 0;
    %load/vec4 v000001f3844305e0_0;
    %flag_set/vec4 8;
    %jmp/0 T_19.0, 8;
    %load/vec4 v000001f384431300_0;
    %jmp/1 T_19.1, 8;
T_19.0 ; End of true expr.
    %load/vec4 v000001f384430540_0;
    %jmp/0 T_19.1, 8;
 ; End of false expr.
    %blend;
T_19.1;
    %assign/vec4 v000001f384430720_0, 0;
    %jmp T_19;
    .thread T_19;
# The file index is used to find the file name in the following table.
:file_names 14;
    "N/A";
    "<interactive>";
    "pipeline.v";
    "./EX.v";
    "./EXDM.v";
    "./ID.v";
    "./IDEX.v";
    "./IF.v";
    "./IFID.v";
    "./MEM.v";
    "./MEMWB.v";
    "./WB.v";
    "./DATASTALL.v";
    "./sharedData.v";
